<?xml version="1.0" encoding="UTF-8"?>
<coverage generated="1741982374038" clover="3.2.0">
  <project timestamp="1741982374038" name="All files">
    <metrics statements="619" coveredstatements="619" conditionals="84" coveredconditionals="84" methods="31" coveredmethods="31" elements="734" coveredelements="734" complexity="0" loc="619" ncloc="619" packages="1" files="5" classes="5"/>
    <file name="App.jsx" path="C:\Users\benli\Downloads\186\Assignment8\frontend\src\App.jsx">
      <metrics statements="106" coveredstatements="106" conditionals="13" coveredconditionals="13" methods="6" coveredmethods="6"/>
      <line num="1" count="1" type="stmt"/>
      <line num="2" count="1" type="stmt"/>
      <line num="3" count="1" type="stmt"/>
      <line num="4" count="1" type="stmt"/>
      <line num="5" count="1" type="stmt"/>
      <line num="6" count="1" type="stmt"/>
      <line num="7" count="1" type="stmt"/>
      <line num="8" count="1" type="stmt"/>
      <line num="9" count="1" type="stmt"/>
      <line num="10" count="1" type="stmt"/>
      <line num="12" count="1" type="stmt"/>
      <line num="13" count="1" type="stmt"/>
      <line num="19" count="26" type="cond" truecount="1" falsecount="0"/>
      <line num="20" count="26" type="stmt"/>
      <line num="21" count="26" type="stmt"/>
      <line num="22" count="26" type="stmt"/>
      <line num="24" count="26" type="cond" truecount="1" falsecount="0"/>
      <line num="25" count="1" type="stmt"/>
      <line num="26" count="1" type="stmt"/>
      <line num="27" count="1" type="stmt"/>
      <line num="29" count="26" type="cond" truecount="1" falsecount="0"/>
      <line num="30" count="6" type="stmt"/>
      <line num="31" count="6" type="stmt"/>
      <line num="32" count="6" type="stmt"/>
      <line num="33" count="6" type="cond" truecount="1" falsecount="0"/>
      <line num="34" count="5" type="stmt"/>
      <line num="35" count="5" type="stmt"/>
      <line num="36" count="6" type="stmt"/>
      <line num="38" count="26" type="cond" truecount="1" falsecount="0"/>
      <line num="39" count="1" type="stmt"/>
      <line num="40" count="1" type="stmt"/>
      <line num="42" count="26" type="cond" truecount="1" falsecount="0"/>
      <line num="44" count="8" type="cond" truecount="1" falsecount="0"/>
      <line num="45" count="11" type="stmt"/>
      <line num="46" count="11" type="stmt"/>
      <line num="48" count="8" type="stmt"/>
      <line num="50" count="8" type="cond" truecount="1" falsecount="0"/>
      <line num="51" count="8" type="stmt"/>
      <line num="52" count="8" type="stmt"/>
      <line num="53" count="26" type="stmt"/>
      <line num="55" count="26" type="stmt"/>
      <line num="56" count="26" type="stmt"/>
      <line num="57" count="26" type="stmt"/>
      <line num="58" count="26" type="stmt"/>
      <line num="59" count="26" type="stmt"/>
      <line num="60" count="26" type="stmt"/>
      <line num="61" count="26" type="stmt"/>
      <line num="62" count="26" type="stmt"/>
      <line num="63" count="26" type="stmt"/>
      <line num="64" count="26" type="cond" truecount="1" falsecount="0"/>
      <line num="65" count="9" type="cond" truecount="1" falsecount="0"/>
      <line num="67" count="17" type="stmt"/>
      <line num="68" count="17" type="stmt"/>
      <line num="69" count="17" type="stmt"/>
      <line num="70" count="17" type="stmt"/>
      <line num="71" count="17" type="stmt"/>
      <line num="72" count="17" type="stmt"/>
      <line num="74" count="17" type="stmt"/>
      <line num="75" count="17" type="stmt"/>
      <line num="76" count="17" type="stmt"/>
      <line num="77" count="17" type="stmt"/>
      <line num="78" count="17" type="stmt"/>
      <line num="79" count="17" type="stmt"/>
      <line num="80" count="17" type="stmt"/>
      <line num="82" count="17" type="stmt"/>
      <line num="83" count="17" type="stmt"/>
      <line num="84" count="17" type="stmt"/>
      <line num="85" count="17" type="stmt"/>
      <line num="87" count="17" type="stmt"/>
      <line num="88" count="17" type="stmt"/>
      <line num="89" count="17" type="stmt"/>
      <line num="90" count="17" type="stmt"/>
      <line num="91" count="17" type="stmt"/>
      <line num="92" count="17" type="stmt"/>
      <line num="93" count="17" type="stmt"/>
      <line num="95" count="17" type="stmt"/>
      <line num="96" count="17" type="stmt"/>
      <line num="97" count="17" type="stmt"/>
      <line num="98" count="17" type="stmt"/>
      <line num="99" count="17" type="stmt"/>
      <line num="100" count="17" type="stmt"/>
      <line num="101" count="17" type="stmt"/>
      <line num="102" count="17" type="stmt"/>
      <line num="103" count="17" type="cond" truecount="2" falsecount="0"/>
      <line num="104" count="17" type="stmt"/>
      <line num="106" count="17" type="stmt"/>
      <line num="107" count="17" type="stmt"/>
      <line num="109" count="17" type="stmt"/>
      <line num="110" count="17" type="stmt"/>
      <line num="111" count="17" type="stmt"/>
      <line num="112" count="17" type="stmt"/>
      <line num="113" count="17" type="stmt"/>
      <line num="114" count="17" type="stmt"/>
      <line num="115" count="17" type="stmt"/>
      <line num="117" count="17" type="stmt"/>
      <line num="118" count="17" type="stmt"/>
      <line num="119" count="17" type="stmt"/>
      <line num="120" count="17" type="stmt"/>
      <line num="121" count="17" type="cond" truecount="1" falsecount="0"/>
      <line num="122" count="17" type="stmt"/>
      <line num="124" count="17" type="stmt"/>
      <line num="125" count="17" type="stmt"/>
      <line num="126" count="17" type="stmt"/>
      <line num="128" count="26" type="stmt"/>
      <line num="130" count="26" type="stmt"/>
      <line num="132" count="1" type="stmt"/>
    </file>
    <file name="AppBar.jsx" path="C:\Users\benli\Downloads\186\Assignment8\frontend\src\AppBar.jsx">
      <metrics statements="171" coveredstatements="171" conditionals="23" coveredconditionals="23" methods="9" coveredmethods="9"/>
      <line num="1" count="1" type="stmt"/>
      <line num="2" count="1" type="stmt"/>
      <line num="3" count="1" type="stmt"/>
      <line num="4" count="1" type="stmt"/>
      <line num="5" count="1" type="stmt"/>
      <line num="6" count="1" type="stmt"/>
      <line num="7" count="1" type="stmt"/>
      <line num="8" count="1" type="stmt"/>
      <line num="9" count="1" type="stmt"/>
      <line num="10" count="1" type="stmt"/>
      <line num="11" count="1" type="stmt"/>
      <line num="12" count="1" type="stmt"/>
      <line num="13" count="1" type="stmt"/>
      <line num="14" count="1" type="stmt"/>
      <line num="22" count="36" type="cond" truecount="1" falsecount="0"/>
      <line num="23" count="36" type="stmt"/>
      <line num="24" count="36" type="stmt"/>
      <line num="25" count="36" type="stmt"/>
      <line num="26" count="36" type="stmt"/>
      <line num="28" count="36" type="cond" truecount="1" falsecount="0"/>
      <line num="29" count="5" type="stmt"/>
      <line num="30" count="5" type="stmt"/>
      <line num="33" count="5" type="stmt"/>
      <line num="34" count="5" type="cond" truecount="1" falsecount="0"/>
      <line num="35" count="8" type="stmt"/>
      <line num="36" count="8" type="stmt"/>
      <line num="37" count="8" type="stmt"/>
      <line num="39" count="8" type="cond" truecount="1" falsecount="0"/>
      <line num="40" count="7" type="stmt"/>
      <line num="41" count="7" type="stmt"/>
      <line num="42" count="7" type="stmt"/>
      <line num="43" count="7" type="cond" truecount="1" falsecount="0"/>
      <line num="44" count="1" type="stmt"/>
      <line num="45" count="5" type="stmt"/>
      <line num="47" count="5" type="stmt"/>
      <line num="48" count="5" type="stmt"/>
      <line num="50" count="36" type="cond" truecount="1" falsecount="0"/>
      <line num="51" count="5" type="stmt"/>
      <line num="52" count="5" type="stmt"/>
      <line num="53" count="5" type="stmt"/>
      <line num="55" count="36" type="cond" truecount="1" falsecount="0"/>
      <line num="56" count="3" type="stmt"/>
      <line num="57" count="3" type="stmt"/>
      <line num="59" count="36" type="cond" truecount="1" falsecount="0"/>
      <line num="60" count="3" type="stmt"/>
      <line num="61" count="3" type="stmt"/>
      <line num="62" count="3" type="stmt"/>
      <line num="64" count="36" type="stmt"/>
      <line num="65" count="36" type="stmt"/>
      <line num="66" count="36" type="stmt"/>
      <line num="67" count="36" type="stmt"/>
      <line num="68" count="36" type="cond" truecount="2" falsecount="0"/>
      <line num="69" count="36" type="stmt"/>
      <line num="70" count="36" type="cond" truecount="2" falsecount="0"/>
      <line num="71" count="36" type="stmt"/>
      <line num="72" count="36" type="stmt"/>
      <line num="73" count="36" type="stmt"/>
      <line num="74" count="36" type="stmt"/>
      <line num="75" count="36" type="stmt"/>
      <line num="77" count="36" type="stmt"/>
      <line num="78" count="36" type="stmt"/>
      <line num="79" count="36" type="stmt"/>
      <line num="80" count="36" type="stmt"/>
      <line num="81" count="36" type="stmt"/>
      <line num="82" count="36" type="stmt"/>
      <line num="83" count="36" type="stmt"/>
      <line num="84" count="36" type="stmt"/>
      <line num="85" count="36" type="stmt"/>
      <line num="86" count="36" type="stmt"/>
      <line num="87" count="36" type="stmt"/>
      <line num="88" count="36" type="stmt"/>
      <line num="89" count="36" type="stmt"/>
      <line num="90" count="36" type="stmt"/>
      <line num="91" count="36" type="stmt"/>
      <line num="92" count="36" type="stmt"/>
      <line num="93" count="36" type="stmt"/>
      <line num="94" count="36" type="stmt"/>
      <line num="95" count="36" type="stmt"/>
      <line num="96" count="36" type="stmt"/>
      <line num="97" count="36" type="stmt"/>
      <line num="98" count="36" type="stmt"/>
      <line num="99" count="36" type="stmt"/>
      <line num="100" count="36" type="stmt"/>
      <line num="101" count="36" type="stmt"/>
      <line num="103" count="36" type="cond" truecount="1" falsecount="0"/>
      <line num="104" count="15" type="stmt"/>
      <line num="105" count="15" type="stmt"/>
      <line num="106" count="15" type="cond" truecount="1" falsecount="0"/>
      <line num="107" count="15" type="stmt"/>
      <line num="108" count="15" type="stmt"/>
      <line num="109" count="15" type="stmt"/>
      <line num="110" count="15" type="stmt"/>
      <line num="111" count="15" type="stmt"/>
      <line num="113" count="15" type="stmt"/>
      <line num="114" count="15" type="cond" truecount="1" falsecount="0"/>
      <line num="115" count="14" type="stmt"/>
      <line num="116" count="14" type="stmt"/>
      <line num="117" count="14" type="stmt"/>
      <line num="118" count="14" type="stmt"/>
      <line num="119" count="14" type="stmt"/>
      <line num="120" count="14" type="stmt"/>
      <line num="121" count="14" type="stmt"/>
      <line num="122" count="14" type="stmt"/>
      <line num="123" count="14" type="stmt"/>
      <line num="124" count="14" type="stmt"/>
      <line num="125" count="14" type="stmt"/>
      <line num="126" count="14" type="stmt"/>
      <line num="127" count="14" type="stmt"/>
      <line num="128" count="14" type="stmt"/>
      <line num="129" count="14" type="stmt"/>
      <line num="131" count="14" type="stmt"/>
      <line num="133" count="15" type="stmt"/>
      <line num="134" count="36" type="stmt"/>
      <line num="135" count="36" type="stmt"/>
      <line num="136" count="36" type="stmt"/>
      <line num="138" count="36" type="stmt"/>
      <line num="146" count="25" type="cond" truecount="1" falsecount="0"/>
      <line num="147" count="25" type="stmt"/>
      <line num="148" count="25" type="stmt"/>
      <line num="149" count="25" type="stmt"/>
      <line num="151" count="25" type="cond" truecount="1" falsecount="0"/>
      <line num="152" count="11" type="cond" truecount="1" falsecount="0"/>
      <line num="153" count="10" type="stmt"/>
      <line num="154" count="10" type="stmt"/>
      <line num="155" count="10" type="stmt"/>
      <line num="156" count="25" type="stmt"/>
      <line num="158" count="25" type="cond" truecount="1" falsecount="0"/>
      <line num="160" count="10" type="cond" truecount="1" falsecount="0"/>
      <line num="161" count="5" type="stmt"/>
      <line num="162" count="5" type="stmt"/>
      <line num="163" count="5" type="stmt"/>
      <line num="165" count="10" type="stmt"/>
      <line num="167" count="10" type="cond" truecount="1" falsecount="0"/>
      <line num="168" count="10" type="stmt"/>
      <line num="169" count="10" type="stmt"/>
      <line num="170" count="25" type="stmt"/>
      <line num="172" count="25" type="stmt"/>
      <line num="173" count="25" type="stmt"/>
      <line num="174" count="25" type="stmt"/>
      <line num="175" count="25" type="stmt"/>
      <line num="176" count="25" type="cond" truecount="1" falsecount="0"/>
      <line num="177" count="3" type="stmt"/>
      <line num="178" count="3" type="stmt"/>
      <line num="179" count="3" type="stmt"/>
      <line num="180" count="3" type="stmt"/>
      <line num="181" count="3" type="cond" truecount="1" falsecount="0"/>
      <line num="182" count="1" type="stmt"/>
      <line num="183" count="1" type="stmt"/>
      <line num="184" count="3" type="stmt"/>
      <line num="186" count="3" type="stmt"/>
      <line num="187" count="3" type="stmt"/>
      <line num="189" count="25" type="stmt"/>
      <line num="190" count="25" type="stmt"/>
      <line num="191" count="25" type="stmt"/>
      <line num="192" count="25" type="stmt"/>
      <line num="193" count="25" type="stmt"/>
      <line num="194" count="25" type="stmt"/>
      <line num="195" count="25" type="stmt"/>
      <line num="197" count="25" type="stmt"/>
      <line num="198" count="25" type="stmt"/>
      <line num="199" count="25" type="stmt"/>
      <line num="200" count="25" type="stmt"/>
      <line num="201" count="25" type="stmt"/>
      <line num="202" count="25" type="stmt"/>
      <line num="204" count="25" type="stmt"/>
      <line num="206" count="1" type="stmt"/>
      <line num="207" count="1" type="stmt"/>
      <line num="208" count="1" type="stmt"/>
      <line num="210" count="1" type="stmt"/>
      <line num="211" count="1" type="stmt"/>
      <line num="212" count="1" type="stmt"/>
    </file>
    <file name="Channel.jsx" path="C:\Users\benli\Downloads\186\Assignment8\frontend\src\Channel.jsx">
      <metrics statements="192" coveredstatements="192" conditionals="35" coveredconditionals="35" methods="11" coveredmethods="11"/>
      <line num="1" count="1" type="stmt"/>
      <line num="2" count="1" type="stmt"/>
      <line num="3" count="1" type="stmt"/>
      <line num="4" count="1" type="stmt"/>
      <line num="5" count="1" type="stmt"/>
      <line num="6" count="1" type="stmt"/>
      <line num="7" count="1" type="stmt"/>
      <line num="8" count="1" type="stmt"/>
      <line num="9" count="1" type="stmt"/>
      <line num="14" count="39" type="cond" truecount="1" falsecount="0"/>
      <line num="15" count="39" type="stmt"/>
      <line num="16" count="39" type="stmt"/>
      <line num="17" count="39" type="stmt"/>
      <line num="18" count="39" type="stmt"/>
      <line num="20" count="39" type="cond" truecount="1" falsecount="0"/>
      <line num="21" count="18" type="stmt"/>
      <line num="23" count="18" type="stmt"/>
      <line num="24" count="18" type="stmt"/>
      <line num="25" count="18" type="stmt"/>
      <line num="26" count="18" type="stmt"/>
      <line num="28" count="39" type="cond" truecount="1" falsecount="0"/>
      <line num="29" count="11" type="cond" truecount="1" falsecount="0"/>
      <line num="30" count="10" type="stmt"/>
      <line num="31" count="10" type="stmt"/>
      <line num="32" count="10" type="stmt"/>
      <line num="33" count="10" type="stmt"/>
      <line num="34" count="39" type="stmt"/>
      <line num="36" count="39" type="cond" truecount="1" falsecount="0"/>
      <line num="38" count="19" type="cond" truecount="1" falsecount="0"/>
      <line num="39" count="1" type="stmt"/>
      <line num="41" count="1" type="stmt"/>
      <line num="43" count="1" type="stmt"/>
      <line num="44" count="1" type="stmt"/>
      <line num="45" count="1" type="stmt"/>
      <line num="46" count="1" type="stmt"/>
      <line num="47" count="1" type="stmt"/>
      <line num="49" count="19" type="stmt"/>
      <line num="52" count="19" type="cond" truecount="1" falsecount="0"/>
      <line num="53" count="1" type="stmt"/>
      <line num="54" count="1" type="stmt"/>
      <line num="56" count="1" type="stmt"/>
      <line num="57" count="1" type="stmt"/>
      <line num="58" count="1" type="stmt"/>
      <line num="59" count="1" type="stmt"/>
      <line num="60" count="1" type="stmt"/>
      <line num="62" count="19" type="stmt"/>
      <line num="64" count="19" type="cond" truecount="1" falsecount="0"/>
      <line num="65" count="19" type="stmt"/>
      <line num="66" count="19" type="stmt"/>
      <line num="67" count="19" type="stmt"/>
      <line num="68" count="19" type="stmt"/>
      <line num="69" count="39" type="stmt"/>
      <line num="71" count="39" type="cond" truecount="1" falsecount="0"/>
      <line num="72" count="10" type="stmt"/>
      <line num="73" count="10" type="stmt"/>
      <line num="74" count="10" type="stmt"/>
      <line num="75" count="10" type="stmt"/>
      <line num="77" count="39" type="cond" truecount="1" falsecount="0"/>
      <line num="78" count="6" type="stmt"/>
      <line num="79" count="6" type="stmt"/>
      <line num="80" count="6" type="cond" truecount="1" falsecount="0"/>
      <line num="81" count="6" type="stmt"/>
      <line num="83" count="39" type="cond" truecount="1" falsecount="0"/>
      <line num="84" count="6" type="stmt"/>
      <line num="85" count="6" type="stmt"/>
      <line num="87" count="6" type="stmt"/>
      <line num="88" count="6" type="stmt"/>
      <line num="89" count="6" type="stmt"/>
      <line num="90" count="6" type="stmt"/>
      <line num="92" count="39" type="cond" truecount="1" falsecount="0"/>
      <line num="93" count="10" type="stmt"/>
      <line num="94" count="10" type="stmt"/>
      <line num="95" count="10" type="stmt"/>
      <line num="97" count="39" type="cond" truecount="1" falsecount="0"/>
      <line num="98" count="7" type="stmt"/>
      <line num="99" count="7" type="stmt"/>
      <line num="100" count="7" type="stmt"/>
      <line num="101" count="7" type="stmt"/>
      <line num="103" count="7" type="cond" truecount="1" falsecount="0"/>
      <line num="104" count="1" type="stmt"/>
      <line num="105" count="7" type="cond" truecount="2" falsecount="0"/>
      <line num="106" count="1" type="stmt"/>
      <line num="107" count="6" type="cond" truecount="1" falsecount="0"/>
      <line num="108" count="5" type="stmt"/>
      <line num="109" count="5" type="stmt"/>
      <line num="110" count="5" type="stmt"/>
      <line num="111" count="7" type="stmt"/>
      <line num="114" count="39" type="cond" truecount="1" falsecount="0"/>
      <line num="115" count="12" type="stmt"/>
      <line num="117" count="12" type="cond" truecount="1" falsecount="0"/>
      <line num="118" count="10" type="stmt"/>
      <line num="119" count="10" type="stmt"/>
      <line num="121" count="10" type="cond" truecount="1" falsecount="0"/>
      <line num="122" count="7" type="stmt"/>
      <line num="123" count="7" type="stmt"/>
      <line num="125" count="10" type="stmt"/>
      <line num="126" count="12" type="stmt"/>
      <line num="129" count="12" type="stmt"/>
      <line num="130" count="12" type="cond" truecount="1" falsecount="0"/>
      <line num="131" count="12" type="cond" truecount="1" falsecount="0"/>
      <line num="132" count="7" type="stmt"/>
      <line num="133" count="7" type="stmt"/>
      <line num="134" count="7" type="cond" truecount="1" falsecount="0"/>
      <line num="135" count="7" type="stmt"/>
      <line num="136" count="12" type="stmt"/>
      <line num="137" count="12" type="stmt"/>
      <line num="141" count="39" type="cond" truecount="1" falsecount="0"/>
      <line num="142" count="27" type="stmt"/>
      <line num="143" count="27" type="stmt"/>
      <line num="144" count="27" type="stmt"/>
      <line num="146" count="27" type="stmt"/>
      <line num="148" count="27" type="cond" truecount="1" falsecount="0"/>
      <line num="149" count="13" type="stmt"/>
      <line num="150" count="13" type="cond" truecount="1" falsecount="0"/>
      <line num="151" count="18" type="stmt"/>
      <line num="152" count="18" type="stmt"/>
      <line num="153" count="18" type="cond" truecount="1" falsecount="0"/>
      <line num="154" count="18" type="stmt"/>
      <line num="155" count="18" type="stmt"/>
      <line num="157" count="18" type="stmt"/>
      <line num="158" count="18" type="stmt"/>
      <line num="159" count="13" type="stmt"/>
      <line num="160" count="13" type="cond" truecount="1" falsecount="0"/>
      <line num="162" count="14" type="stmt"/>
      <line num="163" count="14" type="stmt"/>
      <line num="165" count="14" type="stmt"/>
      <line num="166" count="14" type="stmt"/>
      <line num="168" count="27" type="stmt"/>
      <line num="170" count="27" type="cond" truecount="2" falsecount="0"/>
      <line num="173" count="12" type="stmt"/>
      <line num="175" count="12" type="stmt"/>
      <line num="176" count="12" type="stmt"/>
      <line num="177" count="12" type="stmt"/>
      <line num="178" count="12" type="cond" truecount="1" falsecount="0"/>
      <line num="179" count="5" type="cond" truecount="1" falsecount="0"/>
      <line num="180" count="7" type="stmt"/>
      <line num="181" count="7" type="stmt"/>
      <line num="182" count="7" type="stmt"/>
      <line num="183" count="7" type="stmt"/>
      <line num="184" count="7" type="stmt"/>
      <line num="185" count="7" type="stmt"/>
      <line num="186" count="7" type="stmt"/>
      <line num="188" count="7" type="stmt"/>
      <line num="189" count="7" type="stmt"/>
      <line num="190" count="7" type="stmt"/>
      <line num="191" count="7" type="stmt"/>
      <line num="192" count="7" type="stmt"/>
      <line num="193" count="7" type="stmt"/>
      <line num="194" count="7" type="stmt"/>
      <line num="195" count="7" type="stmt"/>
      <line num="196" count="7" type="stmt"/>
      <line num="197" count="7" type="stmt"/>
      <line num="198" count="7" type="stmt"/>
      <line num="199" count="7" type="stmt"/>
      <line num="200" count="7" type="stmt"/>
      <line num="201" count="7" type="stmt"/>
      <line num="202" count="7" type="stmt"/>
      <line num="204" count="7" type="stmt"/>
      <line num="205" count="7" type="stmt"/>
      <line num="206" count="7" type="stmt"/>
      <line num="208" count="7" type="cond" truecount="1" falsecount="0"/>
      <line num="209" count="10" type="stmt"/>
      <line num="210" count="10" type="stmt"/>
      <line num="211" count="10" type="stmt"/>
      <line num="212" count="10" type="stmt"/>
      <line num="213" count="10" type="stmt"/>
      <line num="214" count="10" type="stmt"/>
      <line num="216" count="10" type="stmt"/>
      <line num="217" count="10" type="stmt"/>
      <line num="218" count="10" type="stmt"/>
      <line num="219" count="10" type="stmt"/>
      <line num="220" count="10" type="stmt"/>
      <line num="221" count="10" type="stmt"/>
      <line num="222" count="10" type="stmt"/>
      <line num="223" count="10" type="stmt"/>
      <line num="224" count="10" type="stmt"/>
      <line num="225" count="10" type="stmt"/>
      <line num="226" count="10" type="stmt"/>
      <line num="227" count="10" type="stmt"/>
      <line num="228" count="10" type="stmt"/>
      <line num="229" count="10" type="stmt"/>
      <line num="230" count="10" type="stmt"/>
      <line num="231" count="10" type="stmt"/>
      <line num="232" count="7" type="stmt"/>
      <line num="233" count="7" type="stmt"/>
      <line num="234" count="5" type="cond" truecount="1" falsecount="0"/>
      <line num="236" count="7" type="stmt"/>
      <line num="237" count="7" type="stmt"/>
      <line num="239" count="7" type="stmt"/>
      <line num="241" count="39" type="stmt"/>
      <line num="242" count="39" type="stmt"/>
      <line num="244" count="39" type="stmt"/>
    </file>
    <file name="Login.jsx" path="C:\Users\benli\Downloads\186\Assignment8\frontend\src\Login.jsx">
      <metrics statements="125" coveredstatements="125" conditionals="9" coveredconditionals="9" methods="3" coveredmethods="3"/>
      <line num="1" count="1" type="stmt"/>
      <line num="2" count="1" type="stmt"/>
      <line num="3" count="1" type="stmt"/>
      <line num="4" count="1" type="stmt"/>
      <line num="5" count="1" type="stmt"/>
      <line num="6" count="1" type="stmt"/>
      <line num="7" count="1" type="stmt"/>
      <line num="8" count="1" type="stmt"/>
      <line num="9" count="1" type="stmt"/>
      <line num="10" count="1" type="stmt"/>
      <line num="18" count="23" type="cond" truecount="1" falsecount="0"/>
      <line num="19" count="23" type="stmt"/>
      <line num="20" count="23" type="stmt"/>
      <line num="21" count="23" type="stmt"/>
      <line num="23" count="23" type="cond" truecount="1" falsecount="0"/>
      <line num="24" count="14" type="stmt"/>
      <line num="25" count="14" type="cond" truecount="1" falsecount="0"/>
      <line num="26" count="14" type="stmt"/>
      <line num="27" count="14" type="stmt"/>
      <line num="28" count="14" type="stmt"/>
      <line num="29" count="14" type="stmt"/>
      <line num="31" count="23" type="cond" truecount="1" falsecount="0"/>
      <line num="32" count="7" type="stmt"/>
      <line num="34" count="7" type="stmt"/>
      <line num="35" count="7" type="stmt"/>
      <line num="36" count="7" type="stmt"/>
      <line num="37" count="7" type="stmt"/>
      <line num="38" count="7" type="stmt"/>
      <line num="39" count="7" type="stmt"/>
      <line num="40" count="7" type="stmt"/>
      <line num="41" count="7" type="cond" truecount="1" falsecount="0"/>
      <line num="42" count="7" type="cond" truecount="2" falsecount="0"/>
      <line num="43" count="1" type="stmt"/>
      <line num="44" count="1" type="stmt"/>
      <line num="45" count="6" type="stmt"/>
      <line num="46" count="7" type="stmt"/>
      <line num="47" count="7" type="cond" truecount="1" falsecount="0"/>
      <line num="49" count="6" type="stmt"/>
      <line num="52" count="6" type="stmt"/>
      <line num="53" count="6" type="stmt"/>
      <line num="54" count="7" type="stmt"/>
      <line num="55" count="7" type="cond" truecount="1" falsecount="0"/>
      <line num="56" count="1" type="stmt"/>
      <line num="57" count="7" type="stmt"/>
      <line num="58" count="7" type="stmt"/>
      <line num="60" count="23" type="stmt"/>
      <line num="61" count="23" type="stmt"/>
      <line num="62" count="23" type="stmt"/>
      <line num="63" count="23" type="stmt"/>
      <line num="64" count="23" type="stmt"/>
      <line num="65" count="23" type="stmt"/>
      <line num="66" count="23" type="stmt"/>
      <line num="67" count="23" type="stmt"/>
      <line num="68" count="23" type="stmt"/>
      <line num="69" count="23" type="stmt"/>
      <line num="70" count="23" type="stmt"/>
      <line num="72" count="23" type="stmt"/>
      <line num="73" count="23" type="stmt"/>
      <line num="74" count="23" type="stmt"/>
      <line num="75" count="23" type="stmt"/>
      <line num="76" count="23" type="stmt"/>
      <line num="77" count="23" type="stmt"/>
      <line num="78" count="23" type="stmt"/>
      <line num="79" count="23" type="stmt"/>
      <line num="81" count="23" type="stmt"/>
      <line num="82" count="23" type="stmt"/>
      <line num="84" count="23" type="stmt"/>
      <line num="85" count="23" type="stmt"/>
      <line num="86" count="23" type="stmt"/>
      <line num="87" count="23" type="stmt"/>
      <line num="88" count="23" type="stmt"/>
      <line num="90" count="23" type="stmt"/>
      <line num="91" count="23" type="stmt"/>
      <line num="92" count="23" type="stmt"/>
      <line num="93" count="23" type="stmt"/>
      <line num="94" count="23" type="stmt"/>
      <line num="96" count="23" type="stmt"/>
      <line num="97" count="23" type="stmt"/>
      <line num="98" count="23" type="stmt"/>
      <line num="99" count="23" type="stmt"/>
      <line num="100" count="23" type="stmt"/>
      <line num="101" count="23" type="stmt"/>
      <line num="102" count="23" type="stmt"/>
      <line num="103" count="23" type="stmt"/>
      <line num="104" count="23" type="stmt"/>
      <line num="105" count="23" type="stmt"/>
      <line num="106" count="23" type="stmt"/>
      <line num="107" count="23" type="stmt"/>
      <line num="108" count="23" type="stmt"/>
      <line num="110" count="23" type="stmt"/>
      <line num="111" count="23" type="stmt"/>
      <line num="112" count="23" type="stmt"/>
      <line num="113" count="23" type="stmt"/>
      <line num="114" count="23" type="stmt"/>
      <line num="116" count="23" type="stmt"/>
      <line num="117" count="23" type="stmt"/>
      <line num="118" count="23" type="stmt"/>
      <line num="119" count="23" type="stmt"/>
      <line num="120" count="23" type="stmt"/>
      <line num="121" count="23" type="stmt"/>
      <line num="122" count="23" type="stmt"/>
      <line num="123" count="23" type="stmt"/>
      <line num="124" count="23" type="stmt"/>
      <line num="125" count="23" type="stmt"/>
      <line num="126" count="23" type="stmt"/>
      <line num="127" count="23" type="stmt"/>
      <line num="128" count="23" type="stmt"/>
      <line num="130" count="23" type="stmt"/>
      <line num="131" count="23" type="stmt"/>
      <line num="132" count="23" type="stmt"/>
      <line num="133" count="23" type="stmt"/>
      <line num="134" count="23" type="stmt"/>
      <line num="135" count="23" type="stmt"/>
      <line num="136" count="23" type="stmt"/>
      <line num="137" count="23" type="stmt"/>
      <line num="139" count="23" type="stmt"/>
      <line num="140" count="23" type="stmt"/>
      <line num="141" count="23" type="stmt"/>
      <line num="142" count="23" type="stmt"/>
      <line num="143" count="23" type="stmt"/>
      <line num="145" count="23" type="stmt"/>
      <line num="147" count="1" type="stmt"/>
      <line num="148" count="1" type="stmt"/>
      <line num="149" count="1" type="stmt"/>
      <line num="151" count="1" type="stmt"/>
    </file>
    <file name="utils.jsx" path="C:\Users\benli\Downloads\186\Assignment8\frontend\src\utils.jsx">
      <metrics statements="25" coveredstatements="25" conditionals="4" coveredconditionals="4" methods="2" coveredmethods="2"/>
      <line num="8" count="1" type="cond" truecount="1" falsecount="0"/>
      <line num="9" count="6" type="stmt"/>
      <line num="10" count="6" type="stmt"/>
      <line num="11" count="6" type="stmt"/>
      <line num="12" count="6" type="stmt"/>
      <line num="13" count="6" type="stmt"/>
      <line num="14" count="6" type="cond" truecount="1" falsecount="0"/>
      <line num="15" count="6" type="stmt"/>
      <line num="16" count="6" type="stmt"/>
      <line num="17" count="6" type="stmt"/>
      <line num="18" count="6" type="stmt"/>
      <line num="27" count="1" type="cond" truecount="1" falsecount="0"/>
      <line num="28" count="35" type="stmt"/>
      <line num="30" count="35" type="stmt"/>
      <line num="31" count="35" type="stmt"/>
      <line num="32" count="35" type="stmt"/>
      <line num="33" count="35" type="stmt"/>
      <line num="34" count="35" type="stmt"/>
      <line num="35" count="35" type="stmt"/>
      <line num="36" count="35" type="stmt"/>
      <line num="38" count="35" type="stmt"/>
      <line num="39" count="35" type="cond" truecount="1" falsecount="0"/>
      <line num="40" count="35" type="stmt"/>
      <line num="41" count="35" type="stmt"/>
      <line num="42" count="35" type="stmt"/>
    </file>
  </project>
</coverage>
