{"C:\\Users\\benli\\Downloads\\186\\Assignment8\\frontend\\src\\App.jsx": {"path":"C:\\Users\\benli\\Downloads\\186\\Assignment8\\frontend\\src\\App.jsx","all":false,"statementMap":{"0":{"start":{"line":1,"column":0},"end":{"line":1,"column":57}},"1":{"start":{"line":2,"column":0},"end":{"line":2,"column":36}},"2":{"start":{"line":3,"column":0},"end":{"line":3,"column":28}},"3":{"start":{"line":4,"column":0},"end":{"line":4,"column":33}},"4":{"start":{"line":5,"column":0},"end":{"line":5,"column":52}},"5":{"start":{"line":6,"column":0},"end":{"line":6,"column":48}},"6":{"start":{"line":7,"column":0},"end":{"line":7,"column":42}},"7":{"start":{"line":8,"column":0},"end":{"line":8,"column":48}},"8":{"start":{"line":9,"column":0},"end":{"line":9,"column":36}},"9":{"start":{"line":10,"column":0},"end":{"line":10,"column":43}},"11":{"start":{"line":12,"column":0},"end":{"line":12,"column":43}},"12":{"start":{"line":13,"column":0},"end":{"line":13,"column":43}},"18":{"start":{"line":19,"column":0},"end":{"line":19,"column":16}},"19":{"start":{"line":20,"column":0},"end":{"line":20,"column":43}},"20":{"start":{"line":21,"column":0},"end":{"line":21,"column":51}},"21":{"start":{"line":22,"column":0},"end":{"line":22,"column":60}},"23":{"start":{"line":24,"column":0},"end":{"line":24,"column":46}},"24":{"start":{"line":25,"column":0},"end":{"line":25,"column":32}},"25":{"start":{"line":26,"column":0},"end":{"line":26,"column":28}},"26":{"start":{"line":27,"column":0},"end":{"line":27,"column":4}},"28":{"start":{"line":29,"column":0},"end":{"line":29,"column":42}},"29":{"start":{"line":30,"column":0},"end":{"line":30,"column":18}},"30":{"start":{"line":31,"column":0},"end":{"line":31,"column":105}},"31":{"start":{"line":32,"column":0},"end":{"line":32,"column":45}},"32":{"start":{"line":33,"column":0},"end":{"line":33,"column":32}},"33":{"start":{"line":34,"column":0},"end":{"line":34,"column":39}},"34":{"start":{"line":35,"column":0},"end":{"line":35,"column":5}},"35":{"start":{"line":36,"column":0},"end":{"line":36,"column":4}},"37":{"start":{"line":38,"column":0},"end":{"line":38,"column":31}},"38":{"start":{"line":39,"column":0},"end":{"line":39,"column":66}},"39":{"start":{"line":40,"column":0},"end":{"line":40,"column":4}},"41":{"start":{"line":42,"column":0},"end":{"line":42,"column":19}},"43":{"start":{"line":44,"column":0},"end":{"line":44,"column":41}},"44":{"start":{"line":45,"column":0},"end":{"line":45,"column":51}},"45":{"start":{"line":46,"column":0},"end":{"line":46,"column":6}},"47":{"start":{"line":48,"column":0},"end":{"line":48,"column":61}},"49":{"start":{"line":50,"column":0},"end":{"line":50,"column":18}},"50":{"start":{"line":51,"column":0},"end":{"line":51,"column":66}},"51":{"start":{"line":52,"column":0},"end":{"line":52,"column":6}},"52":{"start":{"line":53,"column":0},"end":{"line":53,"column":9}},"54":{"start":{"line":55,"column":0},"end":{"line":55,"column":10}},"55":{"start":{"line":56,"column":0},"end":{"line":56,"column":20}},"56":{"start":{"line":57,"column":0},"end":{"line":57,"column":17}},"57":{"start":{"line":58,"column":0},"end":{"line":58,"column":22}},"58":{"start":{"line":59,"column":0},"end":{"line":59,"column":21}},"59":{"start":{"line":60,"column":0},"end":{"line":60,"column":23}},"60":{"start":{"line":61,"column":0},"end":{"line":61,"column":22}},"61":{"start":{"line":62,"column":0},"end":{"line":62,"column":30}},"62":{"start":{"line":63,"column":0},"end":{"line":63,"column":7}},"63":{"start":{"line":64,"column":0},"end":{"line":64,"column":26}},"64":{"start":{"line":65,"column":0},"end":{"line":65,"column":49}},"66":{"start":{"line":67,"column":0},"end":{"line":67,"column":77}},"67":{"start":{"line":68,"column":0},"end":{"line":68,"column":45}},"68":{"start":{"line":69,"column":0},"end":{"line":69,"column":52}},"69":{"start":{"line":70,"column":0},"end":{"line":70,"column":61}},"70":{"start":{"line":71,"column":0},"end":{"line":71,"column":35}},"71":{"start":{"line":72,"column":0},"end":{"line":72,"column":33}},"73":{"start":{"line":74,"column":0},"end":{"line":74,"column":14}},"74":{"start":{"line":75,"column":0},"end":{"line":75,"column":17}},"75":{"start":{"line":76,"column":0},"end":{"line":76,"column":26}},"76":{"start":{"line":77,"column":0},"end":{"line":77,"column":31}},"77":{"start":{"line":78,"column":0},"end":{"line":78,"column":30}},"78":{"start":{"line":79,"column":0},"end":{"line":79,"column":38}},"79":{"start":{"line":80,"column":0},"end":{"line":80,"column":14}},"81":{"start":{"line":82,"column":0},"end":{"line":82,"column":52}},"82":{"start":{"line":83,"column":0},"end":{"line":83,"column":26}},"83":{"start":{"line":84,"column":0},"end":{"line":84,"column":35}},"84":{"start":{"line":85,"column":0},"end":{"line":85,"column":16}},"86":{"start":{"line":87,"column":0},"end":{"line":87,"column":14}},"87":{"start":{"line":88,"column":0},"end":{"line":88,"column":17}},"88":{"start":{"line":89,"column":0},"end":{"line":89,"column":32}},"89":{"start":{"line":90,"column":0},"end":{"line":90,"column":25}},"90":{"start":{"line":91,"column":0},"end":{"line":91,"column":23}},"91":{"start":{"line":92,"column":0},"end":{"line":92,"column":25}},"92":{"start":{"line":93,"column":0},"end":{"line":93,"column":14}},"94":{"start":{"line":95,"column":0},"end":{"line":95,"column":19}},"95":{"start":{"line":96,"column":0},"end":{"line":96,"column":33}},"96":{"start":{"line":97,"column":0},"end":{"line":97,"column":29}},"97":{"start":{"line":98,"column":0},"end":{"line":98,"column":31}},"98":{"start":{"line":99,"column":0},"end":{"line":99,"column":37}},"99":{"start":{"line":100,"column":0},"end":{"line":100,"column":38}},"100":{"start":{"line":101,"column":0},"end":{"line":101,"column":39}},"101":{"start":{"line":102,"column":0},"end":{"line":102,"column":19}},"102":{"start":{"line":103,"column":0},"end":{"line":103,"column":50}},"103":{"start":{"line":104,"column":0},"end":{"line":104,"column":16}},"105":{"start":{"line":106,"column":0},"end":{"line":106,"column":21}},"106":{"start":{"line":107,"column":0},"end":{"line":107,"column":16}},"108":{"start":{"line":109,"column":0},"end":{"line":109,"column":14}},"109":{"start":{"line":110,"column":0},"end":{"line":110,"column":17}},"110":{"start":{"line":111,"column":0},"end":{"line":111,"column":32}},"111":{"start":{"line":112,"column":0},"end":{"line":112,"column":25}},"112":{"start":{"line":113,"column":0},"end":{"line":113,"column":24}},"113":{"start":{"line":114,"column":0},"end":{"line":114,"column":25}},"114":{"start":{"line":115,"column":0},"end":{"line":115,"column":14}},"116":{"start":{"line":117,"column":0},"end":{"line":117,"column":19}},"117":{"start":{"line":118,"column":0},"end":{"line":118,"column":33}},"118":{"start":{"line":119,"column":0},"end":{"line":119,"column":27}},"119":{"start":{"line":120,"column":0},"end":{"line":120,"column":33}},"120":{"start":{"line":121,"column":0},"end":{"line":121,"column":45}},"121":{"start":{"line":122,"column":0},"end":{"line":122,"column":40}},"123":{"start":{"line":124,"column":0},"end":{"line":124,"column":21}},"124":{"start":{"line":125,"column":0},"end":{"line":125,"column":16}},"125":{"start":{"line":126,"column":0},"end":{"line":126,"column":14}},"127":{"start":{"line":128,"column":0},"end":{"line":128,"column":16}},"129":{"start":{"line":130,"column":0},"end":{"line":130,"column":1}},"131":{"start":{"line":132,"column":0},"end":{"line":132,"column":19}}},"s":{"0":1,"1":1,"2":1,"3":1,"4":1,"5":1,"6":1,"7":1,"8":1,"9":1,"11":1,"12":1,"18":26,"19":26,"20":26,"21":26,"23":26,"24":1,"25":1,"26":1,"28":26,"29":6,"30":6,"31":6,"32":6,"33":5,"34":5,"35":6,"37":26,"38":1,"39":1,"41":26,"43":8,"44":11,"45":11,"47":8,"49":8,"50":8,"51":8,"52":26,"54":26,"55":26,"56":26,"57":26,"58":26,"59":26,"60":26,"61":26,"62":26,"63":26,"64":9,"66":17,"67":17,"68":17,"69":17,"70":17,"71":17,"73":17,"74":17,"75":17,"76":17,"77":17,"78":17,"79":17,"81":17,"82":17,"83":17,"84":17,"86":17,"87":17,"88":17,"89":17,"90":17,"91":17,"92":17,"94":17,"95":17,"96":17,"97":17,"98":17,"99":17,"100":17,"101":17,"102":17,"103":17,"105":17,"106":17,"108":17,"109":17,"110":17,"111":17,"112":17,"113":17,"114":17,"116":17,"117":17,"118":17,"119":17,"120":17,"121":17,"123":17,"124":17,"125":17,"127":26,"129":26,"131":1},"branchMap":{"0":{"type":"branch","line":19,"loc":{"start":{"line":19,"column":0},"end":{"line":130,"column":1}},"locations":[{"start":{"line":19,"column":0},"end":{"line":130,"column":1}}]},"1":{"type":"branch","line":64,"loc":{"start":{"line":64,"column":16},"end":{"line":65,"column":49}},"locations":[{"start":{"line":64,"column":16},"end":{"line":65,"column":49}}]},"2":{"type":"branch","line":65,"loc":{"start":{"line":65,"column":47},"end":{"line":126,"column":14}},"locations":[{"start":{"line":65,"column":47},"end":{"line":126,"column":14}}]},"3":{"type":"branch","line":103,"loc":{"start":{"line":103,"column":26},"end":{"line":103,"column":48}},"locations":[{"start":{"line":103,"column":26},"end":{"line":103,"column":48}}]},"4":{"type":"branch","line":103,"loc":{"start":{"line":103,"column":42},"end":{"line":103,"column":50}},"locations":[{"start":{"line":103,"column":42},"end":{"line":103,"column":50}}]},"5":{"type":"branch","line":24,"loc":{"start":{"line":24,"column":26},"end":{"line":27,"column":4}},"locations":[{"start":{"line":24,"column":26},"end":{"line":27,"column":4}}]},"6":{"type":"branch","line":29,"loc":{"start":{"line":29,"column":25},"end":{"line":36,"column":4}},"locations":[{"start":{"line":29,"column":25},"end":{"line":36,"column":4}}]},"7":{"type":"branch","line":33,"loc":{"start":{"line":33,"column":31},"end":{"line":35,"column":5}},"locations":[{"start":{"line":33,"column":31},"end":{"line":35,"column":5}}]},"8":{"type":"branch","line":38,"loc":{"start":{"line":38,"column":24},"end":{"line":40,"column":4}},"locations":[{"start":{"line":38,"column":24},"end":{"line":40,"column":4}}]},"9":{"type":"branch","line":42,"loc":{"start":{"line":42,"column":12},"end":{"line":53,"column":5}},"locations":[{"start":{"line":42,"column":12},"end":{"line":53,"column":5}}]},"10":{"type":"branch","line":44,"loc":{"start":{"line":44,"column":29},"end":{"line":46,"column":6}},"locations":[{"start":{"line":44,"column":29},"end":{"line":46,"column":6}}]},"11":{"type":"branch","line":50,"loc":{"start":{"line":50,"column":11},"end":{"line":52,"column":6}},"locations":[{"start":{"line":50,"column":11},"end":{"line":52,"column":6}}]},"12":{"type":"branch","line":121,"loc":{"start":{"line":121,"column":23},"end":{"line":121,"column":45}},"locations":[{"start":{"line":121,"column":23},"end":{"line":121,"column":45}}]}},"b":{"0":[26],"1":[9],"2":[17],"3":[14],"4":[3],"5":[1],"6":[6],"7":[5],"8":[1],"9":[8],"10":[11],"11":[8],"12":[1]},"fnMap":{"0":{"name":"App","decl":{"start":{"line":19,"column":0},"end":{"line":130,"column":1}},"loc":{"start":{"line":19,"column":0},"end":{"line":130,"column":1}},"line":19},"1":{"name":"selectWorkspace","decl":{"start":{"line":24,"column":26},"end":{"line":27,"column":4}},"loc":{"start":{"line":24,"column":26},"end":{"line":27,"column":4}},"line":24},"2":{"name":"toggleSelected","decl":{"start":{"line":29,"column":25},"end":{"line":36,"column":4}},"loc":{"start":{"line":29,"column":25},"end":{"line":36,"column":4}},"line":29},"3":{"name":"goToWorkspace","decl":{"start":{"line":38,"column":24},"end":{"line":40,"column":4}},"loc":{"start":{"line":38,"column":24},"end":{"line":40,"column":4}},"line":38},"4":{"name":"handleViewChange","decl":{"start":{"line":44,"column":29},"end":{"line":46,"column":6}},"loc":{"start":{"line":44,"column":29},"end":{"line":46,"column":6}},"line":44},"5":{"name":"onClick","decl":{"start":{"line":121,"column":23},"end":{"line":121,"column":45}},"loc":{"start":{"line":121,"column":23},"end":{"line":121,"column":45}},"line":121}},"f":{"0":26,"1":1,"2":6,"3":1,"4":11,"5":1}}
,"C:\\Users\\benli\\Downloads\\186\\Assignment8\\frontend\\src\\AppBar.jsx": {"path":"C:\\Users\\benli\\Downloads\\186\\Assignment8\\frontend\\src\\AppBar.jsx","all":false,"statementMap":{"0":{"start":{"line":1,"column":0},"end":{"line":1,"column":31}},"1":{"start":{"line":2,"column":0},"end":{"line":2,"column":42}},"2":{"start":{"line":3,"column":0},"end":{"line":3,"column":36}},"3":{"start":{"line":4,"column":0},"end":{"line":4,"column":44}},"4":{"start":{"line":5,"column":0},"end":{"line":5,"column":50}},"5":{"start":{"line":6,"column":0},"end":{"line":6,"column":42}},"6":{"start":{"line":7,"column":0},"end":{"line":7,"column":38}},"7":{"start":{"line":8,"column":0},"end":{"line":8,"column":46}},"8":{"start":{"line":9,"column":0},"end":{"line":9,"column":58}},"9":{"start":{"line":10,"column":0},"end":{"line":10,"column":78}},"10":{"start":{"line":11,"column":0},"end":{"line":11,"column":54}},"11":{"start":{"line":12,"column":0},"end":{"line":12,"column":47}},"12":{"start":{"line":13,"column":0},"end":{"line":13,"column":35}},"13":{"start":{"line":14,"column":0},"end":{"line":14,"column":43}},"21":{"start":{"line":22,"column":0},"end":{"line":22,"column":36}},"22":{"start":{"line":23,"column":0},"end":{"line":23,"column":39}},"23":{"start":{"line":24,"column":0},"end":{"line":24,"column":55}},"24":{"start":{"line":25,"column":0},"end":{"line":25,"column":33}},"25":{"start":{"line":26,"column":0},"end":{"line":26,"column":51}},"27":{"start":{"line":28,"column":0},"end":{"line":28,"column":39}},"28":{"start":{"line":29,"column":0},"end":{"line":29,"column":105}},"29":{"start":{"line":30,"column":0},"end":{"line":30,"column":39}},"32":{"start":{"line":33,"column":0},"end":{"line":33,"column":54}},"33":{"start":{"line":34,"column":0},"end":{"line":34,"column":39}},"34":{"start":{"line":35,"column":0},"end":{"line":35,"column":57}},"35":{"start":{"line":36,"column":0},"end":{"line":36,"column":89}},"36":{"start":{"line":37,"column":0},"end":{"line":37,"column":12}},"38":{"start":{"line":39,"column":0},"end":{"line":39,"column":33}},"39":{"start":{"line":40,"column":0},"end":{"line":40,"column":57}},"40":{"start":{"line":41,"column":0},"end":{"line":41,"column":52}},"41":{"start":{"line":42,"column":0},"end":{"line":42,"column":43}},"42":{"start":{"line":43,"column":0},"end":{"line":43,"column":11}},"43":{"start":{"line":44,"column":0},"end":{"line":44,"column":48}},"44":{"start":{"line":45,"column":0},"end":{"line":45,"column":12}},"46":{"start":{"line":47,"column":0},"end":{"line":47,"column":43}},"47":{"start":{"line":48,"column":0},"end":{"line":48,"column":4}},"49":{"start":{"line":50,"column":0},"end":{"line":50,"column":34}},"50":{"start":{"line":51,"column":0},"end":{"line":51,"column":37}},"51":{"start":{"line":52,"column":0},"end":{"line":52,"column":22}},"52":{"start":{"line":53,"column":0},"end":{"line":53,"column":4}},"54":{"start":{"line":55,"column":0},"end":{"line":55,"column":29}},"55":{"start":{"line":56,"column":0},"end":{"line":56,"column":22}},"56":{"start":{"line":57,"column":0},"end":{"line":57,"column":4}},"58":{"start":{"line":59,"column":0},"end":{"line":59,"column":48}},"59":{"start":{"line":60,"column":0},"end":{"line":60,"column":28}},"60":{"start":{"line":61,"column":0},"end":{"line":61,"column":18}},"61":{"start":{"line":62,"column":0},"end":{"line":62,"column":4}},"63":{"start":{"line":64,"column":0},"end":{"line":64,"column":10}},"64":{"start":{"line":65,"column":0},"end":{"line":65,"column":9}},"65":{"start":{"line":66,"column":0},"end":{"line":66,"column":13}},"66":{"start":{"line":67,"column":0},"end":{"line":67,"column":31}},"67":{"start":{"line":68,"column":0},"end":{"line":68,"column":55}},"68":{"start":{"line":69,"column":0},"end":{"line":69,"column":28}},"69":{"start":{"line":70,"column":0},"end":{"line":70,"column":49}},"70":{"start":{"line":71,"column":0},"end":{"line":71,"column":29}},"71":{"start":{"line":72,"column":0},"end":{"line":72,"column":23}},"72":{"start":{"line":73,"column":0},"end":{"line":73,"column":22}},"73":{"start":{"line":74,"column":0},"end":{"line":74,"column":36}},"74":{"start":{"line":75,"column":0},"end":{"line":75,"column":47}},"76":{"start":{"line":77,"column":0},"end":{"line":77,"column":15}},"77":{"start":{"line":78,"column":0},"end":{"line":78,"column":11}},"78":{"start":{"line":79,"column":0},"end":{"line":79,"column":35}},"79":{"start":{"line":80,"column":0},"end":{"line":80,"column":27}},"80":{"start":{"line":81,"column":0},"end":{"line":81,"column":19}},"81":{"start":{"line":82,"column":0},"end":{"line":82,"column":29}},"82":{"start":{"line":83,"column":0},"end":{"line":83,"column":24}},"83":{"start":{"line":84,"column":0},"end":{"line":84,"column":44}},"84":{"start":{"line":85,"column":0},"end":{"line":85,"column":10}},"85":{"start":{"line":86,"column":0},"end":{"line":86,"column":13}},"86":{"start":{"line":87,"column":0},"end":{"line":87,"column":18}},"87":{"start":{"line":88,"column":0},"end":{"line":88,"column":31}},"88":{"start":{"line":89,"column":0},"end":{"line":89,"column":26}},"89":{"start":{"line":90,"column":0},"end":{"line":90,"column":27}},"90":{"start":{"line":91,"column":0},"end":{"line":91,"column":30}},"91":{"start":{"line":92,"column":0},"end":{"line":92,"column":12}},"92":{"start":{"line":93,"column":0},"end":{"line":93,"column":10}},"93":{"start":{"line":94,"column":0},"end":{"line":94,"column":26}},"94":{"start":{"line":95,"column":0},"end":{"line":95,"column":26}},"95":{"start":{"line":96,"column":0},"end":{"line":96,"column":30}},"96":{"start":{"line":97,"column":0},"end":{"line":97,"column":10}},"97":{"start":{"line":98,"column":0},"end":{"line":98,"column":23}},"98":{"start":{"line":99,"column":0},"end":{"line":99,"column":29}},"99":{"start":{"line":100,"column":0},"end":{"line":100,"column":30}},"100":{"start":{"line":101,"column":0},"end":{"line":101,"column":10}},"102":{"start":{"line":103,"column":0},"end":{"line":103,"column":40}},"103":{"start":{"line":104,"column":0},"end":{"line":104,"column":19}},"104":{"start":{"line":105,"column":0},"end":{"line":105,"column":40}},"105":{"start":{"line":106,"column":0},"end":{"line":106,"column":65}},"106":{"start":{"line":107,"column":0},"end":{"line":107,"column":17}},"107":{"start":{"line":108,"column":0},"end":{"line":108,"column":30}},"108":{"start":{"line":109,"column":0},"end":{"line":109,"column":46}},"109":{"start":{"line":110,"column":0},"end":{"line":110,"column":35}},"110":{"start":{"line":111,"column":0},"end":{"line":111,"column":14}},"112":{"start":{"line":113,"column":0},"end":{"line":113,"column":41}},"113":{"start":{"line":114,"column":0},"end":{"line":114,"column":35}},"114":{"start":{"line":115,"column":0},"end":{"line":115,"column":18}},"115":{"start":{"line":116,"column":0},"end":{"line":116,"column":21}},"116":{"start":{"line":117,"column":0},"end":{"line":117,"column":24}},"117":{"start":{"line":118,"column":0},"end":{"line":118,"column":32}},"118":{"start":{"line":119,"column":0},"end":{"line":119,"column":33}},"119":{"start":{"line":120,"column":0},"end":{"line":120,"column":38}},"120":{"start":{"line":121,"column":0},"end":{"line":121,"column":50}},"121":{"start":{"line":122,"column":0},"end":{"line":122,"column":33}},"122":{"start":{"line":123,"column":0},"end":{"line":123,"column":34}},"123":{"start":{"line":124,"column":0},"end":{"line":124,"column":39}},"124":{"start":{"line":125,"column":0},"end":{"line":125,"column":43}},"125":{"start":{"line":126,"column":0},"end":{"line":126,"column":35}},"126":{"start":{"line":127,"column":0},"end":{"line":127,"column":37}},"127":{"start":{"line":128,"column":0},"end":{"line":128,"column":18}},"128":{"start":{"line":129,"column":0},"end":{"line":129,"column":15}},"130":{"start":{"line":131,"column":0},"end":{"line":131,"column":20}},"132":{"start":{"line":133,"column":0},"end":{"line":133,"column":21}},"133":{"start":{"line":134,"column":0},"end":{"line":134,"column":11}},"134":{"start":{"line":135,"column":0},"end":{"line":135,"column":13}},"135":{"start":{"line":136,"column":0},"end":{"line":136,"column":10}},"137":{"start":{"line":138,"column":0},"end":{"line":138,"column":1}},"145":{"start":{"line":146,"column":0},"end":{"line":146,"column":54}},"146":{"start":{"line":147,"column":0},"end":{"line":147,"column":44}},"147":{"start":{"line":148,"column":0},"end":{"line":148,"column":55}},"148":{"start":{"line":149,"column":0},"end":{"line":149,"column":60}},"150":{"start":{"line":151,"column":0},"end":{"line":151,"column":19}},"151":{"start":{"line":152,"column":0},"end":{"line":152,"column":20}},"152":{"start":{"line":153,"column":0},"end":{"line":153,"column":33}},"153":{"start":{"line":154,"column":0},"end":{"line":154,"column":30}},"154":{"start":{"line":155,"column":0},"end":{"line":155,"column":5}},"155":{"start":{"line":156,"column":0},"end":{"line":156,"column":18}},"157":{"start":{"line":158,"column":0},"end":{"line":158,"column":19}},"159":{"start":{"line":160,"column":0},"end":{"line":160,"column":42}},"160":{"start":{"line":161,"column":0},"end":{"line":161,"column":42}},"161":{"start":{"line":162,"column":0},"end":{"line":162,"column":56}},"162":{"start":{"line":163,"column":0},"end":{"line":163,"column":6}},"164":{"start":{"line":165,"column":0},"end":{"line":165,"column":68}},"166":{"start":{"line":167,"column":0},"end":{"line":167,"column":18}},"167":{"start":{"line":168,"column":0},"end":{"line":168,"column":73}},"168":{"start":{"line":169,"column":0},"end":{"line":169,"column":6}},"169":{"start":{"line":170,"column":0},"end":{"line":170,"column":9}},"171":{"start":{"line":172,"column":0},"end":{"line":172,"column":10}},"172":{"start":{"line":173,"column":0},"end":{"line":173,"column":28}},"173":{"start":{"line":174,"column":0},"end":{"line":174,"column":48}},"174":{"start":{"line":175,"column":0},"end":{"line":175,"column":17}},"175":{"start":{"line":176,"column":0},"end":{"line":176,"column":29}},"176":{"start":{"line":177,"column":0},"end":{"line":177,"column":19}},"177":{"start":{"line":178,"column":0},"end":{"line":178,"column":29}},"178":{"start":{"line":179,"column":0},"end":{"line":179,"column":31}},"179":{"start":{"line":180,"column":0},"end":{"line":180,"column":33}},"180":{"start":{"line":181,"column":0},"end":{"line":181,"column":30}},"181":{"start":{"line":182,"column":0},"end":{"line":182,"column":73}},"182":{"start":{"line":183,"column":0},"end":{"line":183,"column":16}},"183":{"start":{"line":184,"column":0},"end":{"line":184,"column":50}},"185":{"start":{"line":186,"column":0},"end":{"line":186,"column":31}},"186":{"start":{"line":187,"column":0},"end":{"line":187,"column":21}},"188":{"start":{"line":189,"column":0},"end":{"line":189,"column":21}},"189":{"start":{"line":190,"column":0},"end":{"line":190,"column":24}},"190":{"start":{"line":191,"column":0},"end":{"line":191,"column":27}},"191":{"start":{"line":192,"column":0},"end":{"line":192,"column":17}},"192":{"start":{"line":193,"column":0},"end":{"line":193,"column":26}},"193":{"start":{"line":194,"column":0},"end":{"line":194,"column":35}},"194":{"start":{"line":195,"column":0},"end":{"line":195,"column":14}},"196":{"start":{"line":197,"column":0},"end":{"line":197,"column":26}},"197":{"start":{"line":198,"column":0},"end":{"line":198,"column":23}},"198":{"start":{"line":199,"column":0},"end":{"line":199,"column":51}},"199":{"start":{"line":200,"column":0},"end":{"line":200,"column":18}},"200":{"start":{"line":201,"column":0},"end":{"line":201,"column":15}},"201":{"start":{"line":202,"column":0},"end":{"line":202,"column":10}},"203":{"start":{"line":204,"column":0},"end":{"line":204,"column":1}},"205":{"start":{"line":206,"column":0},"end":{"line":206,"column":26}},"206":{"start":{"line":207,"column":0},"end":{"line":207,"column":42}},"207":{"start":{"line":208,"column":0},"end":{"line":208,"column":2}},"209":{"start":{"line":210,"column":0},"end":{"line":210,"column":23}},"210":{"start":{"line":211,"column":0},"end":{"line":211,"column":42}},"211":{"start":{"line":212,"column":0},"end":{"line":212,"column":2}}},"s":{"0":1,"1":1,"2":1,"3":1,"4":1,"5":1,"6":1,"7":1,"8":1,"9":1,"10":1,"11":1,"12":1,"13":1,"21":36,"22":36,"23":36,"24":36,"25":36,"27":36,"28":5,"29":5,"32":5,"33":5,"34":8,"35":8,"36":8,"38":8,"39":7,"40":7,"41":7,"42":7,"43":1,"44":5,"46":5,"47":5,"49":36,"50":5,"51":5,"52":5,"54":36,"55":3,"56":3,"58":36,"59":3,"60":3,"61":3,"63":36,"64":36,"65":36,"66":36,"67":36,"68":36,"69":36,"70":36,"71":36,"72":36,"73":36,"74":36,"76":36,"77":36,"78":36,"79":36,"80":36,"81":36,"82":36,"83":36,"84":36,"85":36,"86":36,"87":36,"88":36,"89":36,"90":36,"91":36,"92":36,"93":36,"94":36,"95":36,"96":36,"97":36,"98":36,"99":36,"100":36,"102":36,"103":15,"104":15,"105":15,"106":15,"107":15,"108":15,"109":15,"110":15,"112":15,"113":15,"114":14,"115":14,"116":14,"117":14,"118":14,"119":14,"120":14,"121":14,"122":14,"123":14,"124":14,"125":14,"126":14,"127":14,"128":14,"130":14,"132":15,"133":36,"134":36,"135":36,"137":36,"145":25,"146":25,"147":25,"148":25,"150":25,"151":11,"152":10,"153":10,"154":10,"155":25,"157":25,"159":10,"160":5,"161":5,"162":5,"164":10,"166":10,"167":10,"168":10,"169":25,"171":25,"172":25,"173":25,"174":25,"175":25,"176":3,"177":3,"178":3,"179":3,"180":3,"181":1,"182":1,"183":3,"185":3,"186":3,"188":25,"189":25,"190":25,"191":25,"192":25,"193":25,"194":25,"196":25,"197":25,"198":25,"199":25,"200":25,"201":25,"203":25,"205":1,"206":1,"207":1,"209":1,"210":1,"211":1},"branchMap":{"0":{"type":"branch","line":22,"loc":{"start":{"line":22,"column":0},"end":{"line":138,"column":1}},"locations":[{"start":{"line":22,"column":0},"end":{"line":138,"column":1}}]},"1":{"type":"branch","line":68,"loc":{"start":{"line":68,"column":23},"end":{"line":68,"column":45}},"locations":[{"start":{"line":68,"column":23},"end":{"line":68,"column":45}}]},"2":{"type":"branch","line":68,"loc":{"start":{"line":68,"column":30},"end":{"line":68,"column":55}},"locations":[{"start":{"line":68,"column":30},"end":{"line":68,"column":55}}]},"3":{"type":"branch","line":70,"loc":{"start":{"line":70,"column":23},"end":{"line":70,"column":39}},"locations":[{"start":{"line":70,"column":23},"end":{"line":70,"column":39}}]},"4":{"type":"branch","line":70,"loc":{"start":{"line":70,"column":30},"end":{"line":70,"column":49}},"locations":[{"start":{"line":70,"column":30},"end":{"line":70,"column":49}}]},"5":{"type":"branch","line":28,"loc":{"start":{"line":28,"column":26},"end":{"line":48,"column":4}},"locations":[{"start":{"line":28,"column":26},"end":{"line":48,"column":4}}]},"6":{"type":"branch","line":34,"loc":{"start":{"line":34,"column":17},"end":{"line":45,"column":9}},"locations":[{"start":{"line":34,"column":17},"end":{"line":45,"column":9}}]},"7":{"type":"branch","line":39,"loc":{"start":{"line":39,"column":32},"end":{"line":43,"column":11}},"locations":[{"start":{"line":39,"column":32},"end":{"line":43,"column":11}}]},"8":{"type":"branch","line":43,"loc":{"start":{"line":43,"column":10},"end":{"line":44,"column":48}},"locations":[{"start":{"line":43,"column":10},"end":{"line":44,"column":48}}]},"9":{"type":"branch","line":50,"loc":{"start":{"line":50,"column":22},"end":{"line":53,"column":4}},"locations":[{"start":{"line":50,"column":22},"end":{"line":53,"column":4}}]},"10":{"type":"branch","line":55,"loc":{"start":{"line":55,"column":22},"end":{"line":57,"column":4}},"locations":[{"start":{"line":55,"column":22},"end":{"line":57,"column":4}}]},"11":{"type":"branch","line":59,"loc":{"start":{"line":59,"column":32},"end":{"line":62,"column":4}},"locations":[{"start":{"line":59,"column":32},"end":{"line":62,"column":4}}]},"12":{"type":"branch","line":103,"loc":{"start":{"line":103,"column":24},"end":{"line":133,"column":21}},"locations":[{"start":{"line":103,"column":24},"end":{"line":133,"column":21}}]},"13":{"type":"branch","line":114,"loc":{"start":{"line":114,"column":23},"end":{"line":131,"column":20}},"locations":[{"start":{"line":114,"column":23},"end":{"line":131,"column":20}}]},"14":{"type":"branch","line":106,"loc":{"start":{"line":106,"column":21},"end":{"line":106,"column":65}},"locations":[{"start":{"line":106,"column":21},"end":{"line":106,"column":65}}]},"15":{"type":"branch","line":146,"loc":{"start":{"line":146,"column":0},"end":{"line":204,"column":1}},"locations":[{"start":{"line":146,"column":0},"end":{"line":204,"column":1}}]},"16":{"type":"branch","line":176,"loc":{"start":{"line":176,"column":11},"end":{"line":187,"column":21}},"locations":[{"start":{"line":176,"column":11},"end":{"line":187,"column":21}}]},"17":{"type":"branch","line":151,"loc":{"start":{"line":151,"column":12},"end":{"line":156,"column":5}},"locations":[{"start":{"line":151,"column":12},"end":{"line":156,"column":5}}]},"18":{"type":"branch","line":152,"loc":{"start":{"line":152,"column":19},"end":{"line":155,"column":5}},"locations":[{"start":{"line":152,"column":19},"end":{"line":155,"column":5}}]},"19":{"type":"branch","line":158,"loc":{"start":{"line":158,"column":12},"end":{"line":170,"column":5}},"locations":[{"start":{"line":158,"column":12},"end":{"line":170,"column":5}}]},"20":{"type":"branch","line":160,"loc":{"start":{"line":160,"column":30},"end":{"line":163,"column":6}},"locations":[{"start":{"line":160,"column":30},"end":{"line":163,"column":6}}]},"21":{"type":"branch","line":167,"loc":{"start":{"line":167,"column":11},"end":{"line":169,"column":6}},"locations":[{"start":{"line":167,"column":11},"end":{"line":169,"column":6}}]},"22":{"type":"branch","line":181,"loc":{"start":{"line":181,"column":23},"end":{"line":183,"column":16}},"locations":[{"start":{"line":181,"column":23},"end":{"line":183,"column":16}}]}},"b":{"0":[36],"1":[10],"2":[26],"3":[10],"4":[26],"5":[5],"6":[8],"7":[7],"8":[1],"9":[5],"10":[3],"11":[3],"12":[15],"13":[14],"14":[3],"15":[25],"16":[3],"17":[11],"18":[10],"19":[10],"20":[5],"21":[10],"22":[1]},"fnMap":{"0":{"name":"BasicMenu","decl":{"start":{"line":22,"column":0},"end":{"line":138,"column":1}},"loc":{"start":{"line":22,"column":0},"end":{"line":138,"column":1}},"line":22},"1":{"name":"fetchWorkspaces","decl":{"start":{"line":28,"column":26},"end":{"line":48,"column":4}},"loc":{"start":{"line":28,"column":26},"end":{"line":48,"column":4}},"line":28},"2":{"name":"handleClick","decl":{"start":{"line":50,"column":22},"end":{"line":53,"column":4}},"loc":{"start":{"line":50,"column":22},"end":{"line":53,"column":4}},"line":50},"3":{"name":"handleClose","decl":{"start":{"line":55,"column":22},"end":{"line":57,"column":4}},"loc":{"start":{"line":55,"column":22},"end":{"line":57,"column":4}},"line":55},"4":{"name":"handleWorkspaceSelect","decl":{"start":{"line":59,"column":32},"end":{"line":62,"column":4}},"loc":{"start":{"line":59,"column":32},"end":{"line":62,"column":4}},"line":59},"5":{"name":"onClick","decl":{"start":{"line":106,"column":21},"end":{"line":106,"column":65}},"loc":{"start":{"line":106,"column":21},"end":{"line":106,"column":65}},"line":106},"6":{"name":"ButtonAppBar","decl":{"start":{"line":146,"column":0},"end":{"line":204,"column":1}},"loc":{"start":{"line":146,"column":0},"end":{"line":204,"column":1}},"line":146},"7":{"name":"handleTitleUpdate","decl":{"start":{"line":160,"column":30},"end":{"line":163,"column":6}},"loc":{"start":{"line":160,"column":30},"end":{"line":163,"column":6}},"line":160},"8":{"name":"onClick","decl":{"start":{"line":181,"column":23},"end":{"line":183,"column":16}},"loc":{"start":{"line":181,"column":23},"end":{"line":183,"column":16}},"line":181}},"f":{"0":36,"1":5,"2":5,"3":3,"4":3,"5":3,"6":25,"7":5,"8":1}}
,"C:\\Users\\benli\\Downloads\\186\\Assignment8\\frontend\\src\\Channel.jsx": {"path":"C:\\Users\\benli\\Downloads\\186\\Assignment8\\frontend\\src\\Channel.jsx","all":false,"statementMap":{"0":{"start":{"line":1,"column":0},"end":{"line":1,"column":54}},"1":{"start":{"line":2,"column":0},"end":{"line":2,"column":34}},"2":{"start":{"line":3,"column":0},"end":{"line":3,"column":50}},"3":{"start":{"line":4,"column":0},"end":{"line":4,"column":38}},"4":{"start":{"line":5,"column":0},"end":{"line":5,"column":46}},"5":{"start":{"line":6,"column":0},"end":{"line":6,"column":54}},"6":{"start":{"line":7,"column":0},"end":{"line":7,"column":36}},"7":{"start":{"line":8,"column":0},"end":{"line":8,"column":44}},"8":{"start":{"line":9,"column":0},"end":{"line":9,"column":43}},"13":{"start":{"line":14,"column":0},"end":{"line":14,"column":36}},"14":{"start":{"line":15,"column":0},"end":{"line":15,"column":44}},"15":{"start":{"line":16,"column":0},"end":{"line":16,"column":47}},"16":{"start":{"line":17,"column":0},"end":{"line":17,"column":47}},"17":{"start":{"line":18,"column":0},"end":{"line":18,"column":47}},"19":{"start":{"line":20,"column":0},"end":{"line":20,"column":35}},"20":{"start":{"line":21,"column":0},"end":{"line":21,"column":21}},"22":{"start":{"line":23,"column":0},"end":{"line":23,"column":57}},"23":{"start":{"line":24,"column":0},"end":{"line":24,"column":54}},"24":{"start":{"line":25,"column":0},"end":{"line":25,"column":8}},"25":{"start":{"line":26,"column":0},"end":{"line":26,"column":4}},"27":{"start":{"line":28,"column":0},"end":{"line":28,"column":19}},"28":{"start":{"line":29,"column":0},"end":{"line":29,"column":20}},"29":{"start":{"line":30,"column":0},"end":{"line":30,"column":25}},"30":{"start":{"line":31,"column":0},"end":{"line":31,"column":22}},"31":{"start":{"line":32,"column":0},"end":{"line":32,"column":29}},"32":{"start":{"line":33,"column":0},"end":{"line":33,"column":5}},"33":{"start":{"line":34,"column":0},"end":{"line":34,"column":18}},"35":{"start":{"line":36,"column":0},"end":{"line":36,"column":19}},"37":{"start":{"line":38,"column":0},"end":{"line":38,"column":35}},"38":{"start":{"line":39,"column":0},"end":{"line":39,"column":32}},"40":{"start":{"line":41,"column":0},"end":{"line":41,"column":31}},"42":{"start":{"line":43,"column":0},"end":{"line":43,"column":67}},"43":{"start":{"line":44,"column":0},"end":{"line":44,"column":56}},"44":{"start":{"line":45,"column":0},"end":{"line":45,"column":12}},"45":{"start":{"line":46,"column":0},"end":{"line":46,"column":7}},"46":{"start":{"line":47,"column":0},"end":{"line":47,"column":6}},"48":{"start":{"line":49,"column":0},"end":{"line":49,"column":64}},"51":{"start":{"line":52,"column":0},"end":{"line":52,"column":46}},"52":{"start":{"line":53,"column":0},"end":{"line":53,"column":32}},"53":{"start":{"line":54,"column":0},"end":{"line":54,"column":31}},"55":{"start":{"line":56,"column":0},"end":{"line":56,"column":67}},"56":{"start":{"line":57,"column":0},"end":{"line":57,"column":56}},"57":{"start":{"line":58,"column":0},"end":{"line":58,"column":12}},"58":{"start":{"line":59,"column":0},"end":{"line":59,"column":7}},"59":{"start":{"line":60,"column":0},"end":{"line":60,"column":6}},"61":{"start":{"line":62,"column":0},"end":{"line":62,"column":80}},"63":{"start":{"line":64,"column":0},"end":{"line":64,"column":18}},"64":{"start":{"line":65,"column":0},"end":{"line":65,"column":69}},"65":{"start":{"line":66,"column":0},"end":{"line":66,"column":33}},"66":{"start":{"line":67,"column":0},"end":{"line":67,"column":62}},"67":{"start":{"line":68,"column":0},"end":{"line":68,"column":6}},"68":{"start":{"line":69,"column":0},"end":{"line":69,"column":24}},"70":{"start":{"line":71,"column":0},"end":{"line":71,"column":40}},"71":{"start":{"line":72,"column":0},"end":{"line":72,"column":109}},"72":{"start":{"line":73,"column":0},"end":{"line":73,"column":39}},"73":{"start":{"line":74,"column":0},"end":{"line":74,"column":22}},"74":{"start":{"line":75,"column":0},"end":{"line":75,"column":4}},"76":{"start":{"line":77,"column":0},"end":{"line":77,"column":53}},"77":{"start":{"line":78,"column":0},"end":{"line":78,"column":99}},"78":{"start":{"line":79,"column":0},"end":{"line":79,"column":39}},"79":{"start":{"line":80,"column":0},"end":{"line":80,"column":37}},"80":{"start":{"line":81,"column":0},"end":{"line":81,"column":4}},"82":{"start":{"line":83,"column":0},"end":{"line":83,"column":44}},"83":{"start":{"line":84,"column":0},"end":{"line":84,"column":37}},"84":{"start":{"line":85,"column":0},"end":{"line":85,"column":27}},"86":{"start":{"line":87,"column":0},"end":{"line":87,"column":63}},"87":{"start":{"line":88,"column":0},"end":{"line":88,"column":53}},"88":{"start":{"line":89,"column":0},"end":{"line":89,"column":8}},"89":{"start":{"line":90,"column":0},"end":{"line":90,"column":4}},"91":{"start":{"line":92,"column":0},"end":{"line":92,"column":42}},"92":{"start":{"line":93,"column":0},"end":{"line":93,"column":37}},"93":{"start":{"line":94,"column":0},"end":{"line":94,"column":77}},"94":{"start":{"line":95,"column":0},"end":{"line":95,"column":4}},"96":{"start":{"line":97,"column":0},"end":{"line":97,"column":37}},"97":{"start":{"line":98,"column":0},"end":{"line":98,"column":37}},"98":{"start":{"line":99,"column":0},"end":{"line":99,"column":29}},"99":{"start":{"line":100,"column":0},"end":{"line":100,"column":38}},"100":{"start":{"line":101,"column":0},"end":{"line":101,"column":47}},"102":{"start":{"line":103,"column":0},"end":{"line":103,"column":55}},"103":{"start":{"line":104,"column":0},"end":{"line":104,"column":21}},"104":{"start":{"line":105,"column":0},"end":{"line":105,"column":66}},"105":{"start":{"line":106,"column":0},"end":{"line":106,"column":25}},"106":{"start":{"line":107,"column":0},"end":{"line":107,"column":12}},"107":{"start":{"line":108,"column":0},"end":{"line":108,"column":71}},"108":{"start":{"line":109,"column":0},"end":{"line":109,"column":57}},"109":{"start":{"line":110,"column":0},"end":{"line":110,"column":5}},"110":{"start":{"line":111,"column":0},"end":{"line":111,"column":4}},"113":{"start":{"line":114,"column":0},"end":{"line":114,"column":45}},"114":{"start":{"line":115,"column":0},"end":{"line":115,"column":22}},"116":{"start":{"line":117,"column":0},"end":{"line":117,"column":35}},"117":{"start":{"line":118,"column":0},"end":{"line":118,"column":47}},"118":{"start":{"line":119,"column":0},"end":{"line":119,"column":45}},"120":{"start":{"line":121,"column":0},"end":{"line":121,"column":32}},"121":{"start":{"line":122,"column":0},"end":{"line":122,"column":32}},"122":{"start":{"line":123,"column":0},"end":{"line":123,"column":7}},"124":{"start":{"line":125,"column":0},"end":{"line":125,"column":39}},"125":{"start":{"line":126,"column":0},"end":{"line":126,"column":7}},"128":{"start":{"line":129,"column":0},"end":{"line":129,"column":33}},"129":{"start":{"line":130,"column":0},"end":{"line":130,"column":70}},"130":{"start":{"line":131,"column":0},"end":{"line":131,"column":33}},"131":{"start":{"line":132,"column":0},"end":{"line":132,"column":15}},"132":{"start":{"line":133,"column":0},"end":{"line":133,"column":50}},"133":{"start":{"line":134,"column":0},"end":{"line":134,"column":49}},"134":{"start":{"line":135,"column":0},"end":{"line":135,"column":52}},"135":{"start":{"line":136,"column":0},"end":{"line":136,"column":12}},"136":{"start":{"line":137,"column":0},"end":{"line":137,"column":4}},"140":{"start":{"line":141,"column":0},"end":{"line":141,"column":28}},"141":{"start":{"line":142,"column":0},"end":{"line":142,"column":12}},"142":{"start":{"line":143,"column":0},"end":{"line":143,"column":51}},"143":{"start":{"line":144,"column":0},"end":{"line":144,"column":77}},"145":{"start":{"line":146,"column":0},"end":{"line":146,"column":21}},"147":{"start":{"line":148,"column":0},"end":{"line":148,"column":32}},"148":{"start":{"line":149,"column":0},"end":{"line":149,"column":16}},"149":{"start":{"line":150,"column":0},"end":{"line":150,"column":40}},"150":{"start":{"line":151,"column":0},"end":{"line":151,"column":23}},"151":{"start":{"line":152,"column":0},"end":{"line":152,"column":32}},"152":{"start":{"line":153,"column":0},"end":{"line":153,"column":60}},"153":{"start":{"line":154,"column":0},"end":{"line":154,"column":23}},"154":{"start":{"line":155,"column":0},"end":{"line":155,"column":40}},"156":{"start":{"line":157,"column":0},"end":{"line":157,"column":55}},"157":{"start":{"line":158,"column":0},"end":{"line":158,"column":25}},"158":{"start":{"line":159,"column":0},"end":{"line":159,"column":15}},"159":{"start":{"line":160,"column":0},"end":{"line":160,"column":17}},"161":{"start":{"line":162,"column":0},"end":{"line":162,"column":27}},"162":{"start":{"line":163,"column":0},"end":{"line":163,"column":63}},"164":{"start":{"line":165,"column":0},"end":{"line":165,"column":25}},"165":{"start":{"line":166,"column":0},"end":{"line":166,"column":16}},"167":{"start":{"line":168,"column":0},"end":{"line":168,"column":12}},"169":{"start":{"line":170,"column":0},"end":{"line":170,"column":3}},"172":{"start":{"line":173,"column":0},"end":{"line":173,"column":56}},"174":{"start":{"line":175,"column":0},"end":{"line":175,"column":10}},"175":{"start":{"line":176,"column":0},"end":{"line":176,"column":73}},"176":{"start":{"line":177,"column":0},"end":{"line":177,"column":54}},"177":{"start":{"line":178,"column":0},"end":{"line":178,"column":39}},"178":{"start":{"line":179,"column":0},"end":{"line":179,"column":42}},"179":{"start":{"line":180,"column":0},"end":{"line":180,"column":47}},"180":{"start":{"line":181,"column":0},"end":{"line":181,"column":18}},"181":{"start":{"line":182,"column":0},"end":{"line":182,"column":21}},"182":{"start":{"line":183,"column":0},"end":{"line":183,"column":39}},"183":{"start":{"line":184,"column":0},"end":{"line":184,"column":38}},"184":{"start":{"line":185,"column":0},"end":{"line":185,"column":24}},"185":{"start":{"line":186,"column":0},"end":{"line":186,"column":18}},"187":{"start":{"line":188,"column":0},"end":{"line":188,"column":40}},"188":{"start":{"line":189,"column":0},"end":{"line":189,"column":27}},"189":{"start":{"line":190,"column":0},"end":{"line":190,"column":37}},"190":{"start":{"line":191,"column":0},"end":{"line":191,"column":34}},"191":{"start":{"line":192,"column":0},"end":{"line":192,"column":23}},"192":{"start":{"line":193,"column":0},"end":{"line":193,"column":41}},"193":{"start":{"line":194,"column":0},"end":{"line":194,"column":31}},"194":{"start":{"line":195,"column":0},"end":{"line":195,"column":32}},"195":{"start":{"line":196,"column":0},"end":{"line":196,"column":55}},"196":{"start":{"line":197,"column":0},"end":{"line":197,"column":48}},"197":{"start":{"line":198,"column":0},"end":{"line":198,"column":26}},"198":{"start":{"line":199,"column":0},"end":{"line":199,"column":28}},"199":{"start":{"line":200,"column":0},"end":{"line":200,"column":45}},"200":{"start":{"line":201,"column":0},"end":{"line":201,"column":36}},"201":{"start":{"line":202,"column":0},"end":{"line":202,"column":20}},"203":{"start":{"line":204,"column":0},"end":{"line":204,"column":37}},"204":{"start":{"line":205,"column":0},"end":{"line":205,"column":29}},"205":{"start":{"line":206,"column":0},"end":{"line":206,"column":20}},"207":{"start":{"line":208,"column":0},"end":{"line":208,"column":48}},"208":{"start":{"line":209,"column":0},"end":{"line":209,"column":20}},"209":{"start":{"line":210,"column":0},"end":{"line":210,"column":34}},"210":{"start":{"line":211,"column":0},"end":{"line":211,"column":23}},"211":{"start":{"line":212,"column":0},"end":{"line":212,"column":36}},"212":{"start":{"line":213,"column":0},"end":{"line":213,"column":26}},"213":{"start":{"line":214,"column":0},"end":{"line":214,"column":20}},"215":{"start":{"line":216,"column":0},"end":{"line":216,"column":42}},"216":{"start":{"line":217,"column":0},"end":{"line":217,"column":79}},"217":{"start":{"line":218,"column":0},"end":{"line":218,"column":53}},"218":{"start":{"line":219,"column":0},"end":{"line":219,"column":57}},"219":{"start":{"line":220,"column":0},"end":{"line":220,"column":42}},"220":{"start":{"line":221,"column":0},"end":{"line":221,"column":35}},"221":{"start":{"line":222,"column":0},"end":{"line":222,"column":75}},"222":{"start":{"line":223,"column":0},"end":{"line":223,"column":60}},"223":{"start":{"line":224,"column":0},"end":{"line":224,"column":35}},"224":{"start":{"line":225,"column":0},"end":{"line":225,"column":26}},"225":{"start":{"line":226,"column":0},"end":{"line":226,"column":59}},"226":{"start":{"line":227,"column":0},"end":{"line":227,"column":47}},"227":{"start":{"line":228,"column":0},"end":{"line":228,"column":39}},"228":{"start":{"line":229,"column":0},"end":{"line":229,"column":33}},"229":{"start":{"line":230,"column":0},"end":{"line":230,"column":24}},"230":{"start":{"line":231,"column":0},"end":{"line":231,"column":22}},"231":{"start":{"line":232,"column":0},"end":{"line":232,"column":17}},"232":{"start":{"line":233,"column":0},"end":{"line":233,"column":18}},"233":{"start":{"line":234,"column":0},"end":{"line":234,"column":12}},"235":{"start":{"line":236,"column":0},"end":{"line":236,"column":60}},"236":{"start":{"line":237,"column":0},"end":{"line":237,"column":46}},"238":{"start":{"line":239,"column":0},"end":{"line":239,"column":23}},"240":{"start":{"line":241,"column":0},"end":{"line":241,"column":12}},"241":{"start":{"line":242,"column":0},"end":{"line":242,"column":10}},"243":{"start":{"line":244,"column":0},"end":{"line":244,"column":1}}},"s":{"0":1,"1":1,"2":1,"3":1,"4":1,"5":1,"6":1,"7":1,"8":1,"13":39,"14":39,"15":39,"16":39,"17":39,"19":39,"20":18,"22":18,"23":18,"24":18,"25":18,"27":39,"28":11,"29":10,"30":10,"31":10,"32":10,"33":39,"35":39,"37":19,"38":1,"40":1,"42":1,"43":1,"44":1,"45":1,"46":1,"48":19,"51":19,"52":1,"53":1,"55":1,"56":1,"57":1,"58":1,"59":1,"61":19,"63":19,"64":19,"65":19,"66":19,"67":19,"68":39,"70":39,"71":10,"72":10,"73":10,"74":10,"76":39,"77":6,"78":6,"79":6,"80":6,"82":39,"83":6,"84":6,"86":6,"87":6,"88":6,"89":6,"91":39,"92":10,"93":10,"94":10,"96":39,"97":7,"98":7,"99":7,"100":7,"102":7,"103":1,"104":7,"105":1,"106":6,"107":5,"108":5,"109":5,"110":7,"113":39,"114":12,"116":12,"117":10,"118":10,"120":10,"121":7,"122":7,"124":10,"125":12,"128":12,"129":12,"130":12,"131":7,"132":7,"133":7,"134":7,"135":12,"136":12,"140":39,"141":27,"142":27,"143":27,"145":27,"147":27,"148":13,"149":13,"150":18,"151":18,"152":18,"153":18,"154":18,"156":18,"157":18,"158":13,"159":13,"161":14,"162":14,"164":14,"165":14,"167":27,"169":27,"172":12,"174":12,"175":12,"176":12,"177":12,"178":5,"179":7,"180":7,"181":7,"182":7,"183":7,"184":7,"185":7,"187":7,"188":7,"189":7,"190":7,"191":7,"192":7,"193":7,"194":7,"195":7,"196":7,"197":7,"198":7,"199":7,"200":7,"201":7,"203":7,"204":7,"205":7,"207":7,"208":10,"209":10,"210":10,"211":10,"212":10,"213":10,"215":10,"216":10,"217":10,"218":10,"219":10,"220":10,"221":10,"222":10,"223":10,"224":10,"225":10,"226":10,"227":10,"228":10,"229":10,"230":10,"231":7,"232":7,"233":5,"235":7,"236":7,"238":7,"240":39,"241":39,"243":39},"branchMap":{"0":{"type":"branch","line":14,"loc":{"start":{"line":14,"column":0},"end":{"line":244,"column":1}},"locations":[{"start":{"line":14,"column":0},"end":{"line":244,"column":1}}]},"1":{"type":"branch","line":141,"loc":{"start":{"line":141,"column":27},"end":{"line":170,"column":3}},"locations":[{"start":{"line":141,"column":27},"end":{"line":170,"column":3}}]},"2":{"type":"branch","line":148,"loc":{"start":{"line":148,"column":27},"end":{"line":160,"column":17}},"locations":[{"start":{"line":148,"column":27},"end":{"line":160,"column":17}}]},"3":{"type":"branch","line":160,"loc":{"start":{"line":160,"column":10},"end":{"line":166,"column":16}},"locations":[{"start":{"line":160,"column":10},"end":{"line":166,"column":16}}]},"4":{"type":"branch","line":170,"loc":{"start":{"line":170,"column":2},"end":{"line":234,"column":12}},"locations":[{"start":{"line":170,"column":2},"end":{"line":234,"column":12}}]},"5":{"type":"branch","line":170,"loc":{"start":{"line":170,"column":2},"end":{"line":178,"column":39}},"locations":[{"start":{"line":170,"column":2},"end":{"line":178,"column":39}}]},"6":{"type":"branch","line":178,"loc":{"start":{"line":178,"column":34},"end":{"line":234,"column":12}},"locations":[{"start":{"line":178,"column":34},"end":{"line":234,"column":12}}]},"7":{"type":"branch","line":234,"loc":{"start":{"line":234,"column":11},"end":{"line":239,"column":23}},"locations":[{"start":{"line":234,"column":11},"end":{"line":239,"column":23}}]},"8":{"type":"branch","line":20,"loc":{"start":{"line":20,"column":21},"end":{"line":26,"column":4}},"locations":[{"start":{"line":20,"column":21},"end":{"line":26,"column":4}}]},"9":{"type":"branch","line":28,"loc":{"start":{"line":28,"column":12},"end":{"line":34,"column":5}},"locations":[{"start":{"line":28,"column":12},"end":{"line":34,"column":5}}]},"10":{"type":"branch","line":29,"loc":{"start":{"line":29,"column":19},"end":{"line":33,"column":5}},"locations":[{"start":{"line":29,"column":19},"end":{"line":33,"column":5}}]},"11":{"type":"branch","line":36,"loc":{"start":{"line":36,"column":12},"end":{"line":69,"column":5}},"locations":[{"start":{"line":36,"column":12},"end":{"line":69,"column":5}}]},"12":{"type":"branch","line":38,"loc":{"start":{"line":38,"column":28},"end":{"line":47,"column":6}},"locations":[{"start":{"line":38,"column":28},"end":{"line":47,"column":6}}]},"13":{"type":"branch","line":52,"loc":{"start":{"line":52,"column":39},"end":{"line":60,"column":6}},"locations":[{"start":{"line":52,"column":39},"end":{"line":60,"column":6}}]},"14":{"type":"branch","line":64,"loc":{"start":{"line":64,"column":11},"end":{"line":68,"column":6}},"locations":[{"start":{"line":64,"column":11},"end":{"line":68,"column":6}}]},"15":{"type":"branch","line":71,"loc":{"start":{"line":71,"column":27},"end":{"line":75,"column":4}},"locations":[{"start":{"line":71,"column":27},"end":{"line":75,"column":4}}]},"16":{"type":"branch","line":77,"loc":{"start":{"line":77,"column":31},"end":{"line":81,"column":4}},"locations":[{"start":{"line":77,"column":31},"end":{"line":81,"column":4}}]},"17":{"type":"branch","line":80,"loc":{"start":{"line":80,"column":21},"end":{"line":80,"column":35}},"locations":[{"start":{"line":80,"column":21},"end":{"line":80,"column":35}}]},"18":{"type":"branch","line":83,"loc":{"start":{"line":83,"column":30},"end":{"line":90,"column":4}},"locations":[{"start":{"line":83,"column":30},"end":{"line":90,"column":4}}]},"19":{"type":"branch","line":92,"loc":{"start":{"line":92,"column":26},"end":{"line":95,"column":4}},"locations":[{"start":{"line":92,"column":26},"end":{"line":95,"column":4}}]},"20":{"type":"branch","line":97,"loc":{"start":{"line":97,"column":21},"end":{"line":111,"column":4}},"locations":[{"start":{"line":97,"column":21},"end":{"line":111,"column":4}}]},"21":{"type":"branch","line":103,"loc":{"start":{"line":103,"column":54},"end":{"line":105,"column":15}},"locations":[{"start":{"line":103,"column":54},"end":{"line":105,"column":15}}]},"22":{"type":"branch","line":105,"loc":{"start":{"line":105,"column":4},"end":{"line":110,"column":5}},"locations":[{"start":{"line":105,"column":4},"end":{"line":110,"column":5}}]},"23":{"type":"branch","line":105,"loc":{"start":{"line":105,"column":65},"end":{"line":107,"column":11}},"locations":[{"start":{"line":105,"column":65},"end":{"line":107,"column":11}}]},"24":{"type":"branch","line":107,"loc":{"start":{"line":107,"column":4},"end":{"line":110,"column":5}},"locations":[{"start":{"line":107,"column":4},"end":{"line":110,"column":5}}]},"25":{"type":"branch","line":114,"loc":{"start":{"line":114,"column":30},"end":{"line":137,"column":4}},"locations":[{"start":{"line":114,"column":30},"end":{"line":137,"column":4}}]},"26":{"type":"branch","line":117,"loc":{"start":{"line":117,"column":21},"end":{"line":126,"column":5}},"locations":[{"start":{"line":117,"column":21},"end":{"line":126,"column":5}}]},"27":{"type":"branch","line":121,"loc":{"start":{"line":121,"column":31},"end":{"line":123,"column":7}},"locations":[{"start":{"line":121,"column":31},"end":{"line":123,"column":7}}]},"28":{"type":"branch","line":130,"loc":{"start":{"line":130,"column":14},"end":{"line":130,"column":69}},"locations":[{"start":{"line":130,"column":14},"end":{"line":130,"column":69}}]},"29":{"type":"branch","line":131,"loc":{"start":{"line":131,"column":13},"end":{"line":136,"column":10}},"locations":[{"start":{"line":131,"column":13},"end":{"line":136,"column":10}}]},"30":{"type":"branch","line":134,"loc":{"start":{"line":134,"column":30},"end":{"line":135,"column":50}},"locations":[{"start":{"line":134,"column":30},"end":{"line":135,"column":50}}]},"31":{"type":"branch","line":150,"loc":{"start":{"line":150,"column":26},"end":{"line":158,"column":25}},"locations":[{"start":{"line":150,"column":26},"end":{"line":158,"column":25}}]},"32":{"type":"branch","line":153,"loc":{"start":{"line":153,"column":25},"end":{"line":153,"column":60}},"locations":[{"start":{"line":153,"column":25},"end":{"line":153,"column":60}}]},"33":{"type":"branch","line":179,"loc":{"start":{"line":179,"column":30},"end":{"line":233,"column":18}},"locations":[{"start":{"line":179,"column":30},"end":{"line":233,"column":18}}]},"34":{"type":"branch","line":208,"loc":{"start":{"line":208,"column":34},"end":{"line":231,"column":22}},"locations":[{"start":{"line":208,"column":34},"end":{"line":231,"column":22}}]}},"b":{"0":[39],"1":[27],"2":[13],"3":[14],"4":[38],"5":[12],"6":[5],"7":[7],"8":[18],"9":[11],"10":[10],"11":[19],"12":[1],"13":[1],"14":[19],"15":[10],"16":[6],"17":[1],"18":[6],"19":[10],"20":[7],"21":[1],"22":[6],"23":[1],"24":[5],"25":[12],"26":[10],"27":[7],"28":[2],"29":[7],"30":[3],"31":[18],"32":[6],"33":[7],"34":[10]},"fnMap":{"0":{"name":"Channels","decl":{"start":{"line":14,"column":0},"end":{"line":244,"column":1}},"loc":{"start":{"line":14,"column":0},"end":{"line":244,"column":1}},"line":14},"1":{"name":"updateView","decl":{"start":{"line":20,"column":21},"end":{"line":26,"column":4}},"loc":{"start":{"line":20,"column":21},"end":{"line":26,"column":4}},"line":20},"2":{"name":"handleBackPress","decl":{"start":{"line":38,"column":28},"end":{"line":47,"column":6}},"loc":{"start":{"line":38,"column":28},"end":{"line":47,"column":6}},"line":38},"3":{"name":"handleReturnToChannelsList","decl":{"start":{"line":52,"column":39},"end":{"line":60,"column":6}},"loc":{"start":{"line":52,"column":39},"end":{"line":60,"column":6}},"line":52},"4":{"name":"fetchChannelData","decl":{"start":{"line":71,"column":27},"end":{"line":75,"column":4}},"loc":{"start":{"line":71,"column":27},"end":{"line":75,"column":4}},"line":71},"5":{"name":"fetchChannelMessages","decl":{"start":{"line":77,"column":31},"end":{"line":81,"column":4}},"loc":{"start":{"line":77,"column":31},"end":{"line":81,"column":4}},"line":77},"6":{"name":"handleChannelSelect","decl":{"start":{"line":83,"column":30},"end":{"line":90,"column":4}},"loc":{"start":{"line":83,"column":30},"end":{"line":90,"column":4}},"line":83},"7":{"name":"formatTimestamp","decl":{"start":{"line":92,"column":26},"end":{"line":95,"column":4}},"loc":{"start":{"line":92,"column":26},"end":{"line":95,"column":4}},"line":92},"8":{"name":"formatDate","decl":{"start":{"line":97,"column":21},"end":{"line":111,"column":4}},"loc":{"start":{"line":97,"column":21},"end":{"line":111,"column":4}},"line":97},"9":{"name":"groupMessagesByDate","decl":{"start":{"line":114,"column":30},"end":{"line":137,"column":4}},"loc":{"start":{"line":114,"column":30},"end":{"line":137,"column":4}},"line":114},"10":{"name":"onClick","decl":{"start":{"line":153,"column":25},"end":{"line":153,"column":60}},"loc":{"start":{"line":153,"column":25},"end":{"line":153,"column":60}},"line":153}},"f":{"0":39,"1":18,"2":1,"3":1,"4":10,"5":6,"6":6,"7":10,"8":7,"9":12,"10":6}}
,"C:\\Users\\benli\\Downloads\\186\\Assignment8\\frontend\\src\\Login.jsx": {"path":"C:\\Users\\benli\\Downloads\\186\\Assignment8\\frontend\\src\\Login.jsx","all":false,"statementMap":{"0":{"start":{"line":1,"column":0},"end":{"line":1,"column":26}},"1":{"start":{"line":2,"column":0},"end":{"line":2,"column":35}},"2":{"start":{"line":3,"column":0},"end":{"line":3,"column":40}},"3":{"start":{"line":4,"column":0},"end":{"line":4,"column":50}},"4":{"start":{"line":5,"column":0},"end":{"line":5,"column":42}},"5":{"start":{"line":6,"column":0},"end":{"line":6,"column":36}},"6":{"start":{"line":7,"column":0},"end":{"line":7,"column":48}},"7":{"start":{"line":8,"column":0},"end":{"line":8,"column":50}},"8":{"start":{"line":9,"column":0},"end":{"line":9,"column":48}},"9":{"start":{"line":10,"column":0},"end":{"line":10,"column":68}},"17":{"start":{"line":18,"column":0},"end":{"line":18,"column":34}},"18":{"start":{"line":19,"column":0},"end":{"line":19,"column":55}},"19":{"start":{"line":20,"column":0},"end":{"line":20,"column":32}},"20":{"start":{"line":21,"column":0},"end":{"line":21,"column":4}},"22":{"start":{"line":23,"column":0},"end":{"line":23,"column":40}},"23":{"start":{"line":24,"column":0},"end":{"line":24,"column":39}},"24":{"start":{"line":25,"column":0},"end":{"line":25,"column":42}},"25":{"start":{"line":26,"column":0},"end":{"line":26,"column":25}},"26":{"start":{"line":27,"column":0},"end":{"line":27,"column":20}},"27":{"start":{"line":28,"column":0},"end":{"line":28,"column":8}},"28":{"start":{"line":29,"column":0},"end":{"line":29,"column":4}},"30":{"start":{"line":31,"column":0},"end":{"line":31,"column":28}},"31":{"start":{"line":32,"column":0},"end":{"line":32,"column":27}},"33":{"start":{"line":34,"column":0},"end":{"line":34,"column":49}},"34":{"start":{"line":35,"column":0},"end":{"line":35,"column":21}},"35":{"start":{"line":36,"column":0},"end":{"line":36,"column":40}},"36":{"start":{"line":37,"column":0},"end":{"line":37,"column":16}},"37":{"start":{"line":38,"column":0},"end":{"line":38,"column":43}},"38":{"start":{"line":39,"column":0},"end":{"line":39,"column":8}},"39":{"start":{"line":40,"column":0},"end":{"line":40,"column":6}},"40":{"start":{"line":41,"column":0},"end":{"line":41,"column":29}},"41":{"start":{"line":42,"column":0},"end":{"line":42,"column":29}},"42":{"start":{"line":43,"column":0},"end":{"line":43,"column":44}},"43":{"start":{"line":44,"column":0},"end":{"line":44,"column":11}},"44":{"start":{"line":45,"column":0},"end":{"line":45,"column":33}},"45":{"start":{"line":46,"column":0},"end":{"line":46,"column":10}},"46":{"start":{"line":47,"column":0},"end":{"line":47,"column":25}},"48":{"start":{"line":49,"column":0},"end":{"line":49,"column":52}},"51":{"start":{"line":52,"column":0},"end":{"line":52,"column":48}},"52":{"start":{"line":53,"column":0},"end":{"line":53,"column":40}},"53":{"start":{"line":54,"column":0},"end":{"line":54,"column":10}},"54":{"start":{"line":55,"column":0},"end":{"line":55,"column":27}},"55":{"start":{"line":56,"column":0},"end":{"line":56,"column":45}},"56":{"start":{"line":57,"column":0},"end":{"line":57,"column":11}},"57":{"start":{"line":58,"column":0},"end":{"line":58,"column":4}},"59":{"start":{"line":60,"column":0},"end":{"line":60,"column":10}},"60":{"start":{"line":61,"column":0},"end":{"line":61,"column":8}},"61":{"start":{"line":62,"column":0},"end":{"line":62,"column":11}},"62":{"start":{"line":63,"column":0},"end":{"line":63,"column":24}},"63":{"start":{"line":64,"column":0},"end":{"line":64,"column":32}},"64":{"start":{"line":65,"column":0},"end":{"line":65,"column":33}},"65":{"start":{"line":66,"column":0},"end":{"line":66,"column":29}},"66":{"start":{"line":67,"column":0},"end":{"line":67,"column":27}},"67":{"start":{"line":68,"column":0},"end":{"line":68,"column":22}},"68":{"start":{"line":69,"column":0},"end":{"line":69,"column":27}},"69":{"start":{"line":70,"column":0},"end":{"line":70,"column":8}},"71":{"start":{"line":72,"column":0},"end":{"line":72,"column":43}},"72":{"start":{"line":73,"column":0},"end":{"line":73,"column":14}},"73":{"start":{"line":74,"column":0},"end":{"line":74,"column":23}},"74":{"start":{"line":75,"column":0},"end":{"line":75,"column":15}},"75":{"start":{"line":76,"column":0},"end":{"line":76,"column":26}},"76":{"start":{"line":77,"column":0},"end":{"line":77,"column":23}},"77":{"start":{"line":78,"column":0},"end":{"line":78,"column":28}},"78":{"start":{"line":79,"column":0},"end":{"line":79,"column":12}},"80":{"start":{"line":81,"column":0},"end":{"line":81,"column":49}},"81":{"start":{"line":82,"column":0},"end":{"line":82,"column":53}},"83":{"start":{"line":84,"column":0},"end":{"line":84,"column":23}},"84":{"start":{"line":85,"column":0},"end":{"line":85,"column":14}},"85":{"start":{"line":86,"column":0},"end":{"line":86,"column":28}},"86":{"start":{"line":87,"column":0},"end":{"line":87,"column":28}},"87":{"start":{"line":88,"column":0},"end":{"line":88,"column":67}},"89":{"start":{"line":90,"column":0},"end":{"line":90,"column":30}},"90":{"start":{"line":91,"column":0},"end":{"line":91,"column":25}},"91":{"start":{"line":92,"column":0},"end":{"line":92,"column":37}},"92":{"start":{"line":93,"column":0},"end":{"line":93,"column":50}},"93":{"start":{"line":94,"column":0},"end":{"line":94,"column":15}},"95":{"start":{"line":96,"column":0},"end":{"line":96,"column":27}},"96":{"start":{"line":97,"column":0},"end":{"line":97,"column":24}},"97":{"start":{"line":98,"column":0},"end":{"line":98,"column":25}},"98":{"start":{"line":99,"column":0},"end":{"line":99,"column":28}},"99":{"start":{"line":100,"column":0},"end":{"line":100,"column":28}},"100":{"start":{"line":101,"column":0},"end":{"line":101,"column":52}},"101":{"start":{"line":102,"column":0},"end":{"line":102,"column":44}},"102":{"start":{"line":103,"column":0},"end":{"line":103,"column":41}},"103":{"start":{"line":104,"column":0},"end":{"line":104,"column":24}},"104":{"start":{"line":105,"column":0},"end":{"line":105,"column":34}},"105":{"start":{"line":106,"column":0},"end":{"line":106,"column":28}},"106":{"start":{"line":107,"column":0},"end":{"line":107,"column":16}},"107":{"start":{"line":108,"column":0},"end":{"line":108,"column":18}},"109":{"start":{"line":110,"column":0},"end":{"line":110,"column":30}},"110":{"start":{"line":111,"column":0},"end":{"line":111,"column":25}},"111":{"start":{"line":112,"column":0},"end":{"line":112,"column":40}},"112":{"start":{"line":113,"column":0},"end":{"line":113,"column":50}},"113":{"start":{"line":114,"column":0},"end":{"line":114,"column":15}},"115":{"start":{"line":116,"column":0},"end":{"line":116,"column":27}},"116":{"start":{"line":117,"column":0},"end":{"line":117,"column":24}},"117":{"start":{"line":118,"column":0},"end":{"line":118,"column":25}},"118":{"start":{"line":119,"column":0},"end":{"line":119,"column":31}},"119":{"start":{"line":120,"column":0},"end":{"line":120,"column":31}},"120":{"start":{"line":121,"column":0},"end":{"line":121,"column":55}},"121":{"start":{"line":122,"column":0},"end":{"line":122,"column":44}},"122":{"start":{"line":123,"column":0},"end":{"line":123,"column":44}},"123":{"start":{"line":124,"column":0},"end":{"line":124,"column":24}},"124":{"start":{"line":125,"column":0},"end":{"line":125,"column":34}},"125":{"start":{"line":126,"column":0},"end":{"line":126,"column":28}},"126":{"start":{"line":127,"column":0},"end":{"line":127,"column":16}},"127":{"start":{"line":128,"column":0},"end":{"line":128,"column":18}},"129":{"start":{"line":130,"column":0},"end":{"line":130,"column":19}},"130":{"start":{"line":131,"column":0},"end":{"line":131,"column":27}},"131":{"start":{"line":132,"column":0},"end":{"line":132,"column":33}},"132":{"start":{"line":133,"column":0},"end":{"line":133,"column":29}},"133":{"start":{"line":134,"column":0},"end":{"line":134,"column":23}},"134":{"start":{"line":135,"column":0},"end":{"line":135,"column":32}},"135":{"start":{"line":136,"column":0},"end":{"line":136,"column":35}},"136":{"start":{"line":137,"column":0},"end":{"line":137,"column":13}},"138":{"start":{"line":139,"column":0},"end":{"line":139,"column":21}},"139":{"start":{"line":140,"column":0},"end":{"line":140,"column":16}},"140":{"start":{"line":141,"column":0},"end":{"line":141,"column":16}},"141":{"start":{"line":142,"column":0},"end":{"line":142,"column":18}},"142":{"start":{"line":143,"column":0},"end":{"line":143,"column":10}},"144":{"start":{"line":145,"column":0},"end":{"line":145,"column":1}},"146":{"start":{"line":147,"column":0},"end":{"line":147,"column":19}},"147":{"start":{"line":148,"column":0},"end":{"line":148,"column":44}},"148":{"start":{"line":149,"column":0},"end":{"line":149,"column":2}},"150":{"start":{"line":151,"column":0},"end":{"line":151,"column":21}}},"s":{"0":1,"1":1,"2":1,"3":1,"4":1,"5":1,"6":1,"7":1,"8":1,"9":1,"17":23,"18":23,"19":23,"20":23,"22":23,"23":14,"24":14,"25":14,"26":14,"27":14,"28":14,"30":23,"31":7,"33":7,"34":7,"35":7,"36":7,"37":7,"38":7,"39":7,"40":7,"41":7,"42":1,"43":1,"44":6,"45":7,"46":7,"48":6,"51":6,"52":6,"53":7,"54":7,"55":1,"56":7,"57":7,"59":23,"60":23,"61":23,"62":23,"63":23,"64":23,"65":23,"66":23,"67":23,"68":23,"69":23,"71":23,"72":23,"73":23,"74":23,"75":23,"76":23,"77":23,"78":23,"80":23,"81":23,"83":23,"84":23,"85":23,"86":23,"87":23,"89":23,"90":23,"91":23,"92":23,"93":23,"95":23,"96":23,"97":23,"98":23,"99":23,"100":23,"101":23,"102":23,"103":23,"104":23,"105":23,"106":23,"107":23,"109":23,"110":23,"111":23,"112":23,"113":23,"115":23,"116":23,"117":23,"118":23,"119":23,"120":23,"121":23,"122":23,"123":23,"124":23,"125":23,"126":23,"127":23,"129":23,"130":23,"131":23,"132":23,"133":23,"134":23,"135":23,"136":23,"138":23,"139":23,"140":23,"141":23,"142":23,"144":23,"146":1,"147":1,"148":1,"150":1},"branchMap":{"0":{"type":"branch","line":18,"loc":{"start":{"line":18,"column":0},"end":{"line":145,"column":1}},"locations":[{"start":{"line":18,"column":0},"end":{"line":145,"column":1}}]},"1":{"type":"branch","line":23,"loc":{"start":{"line":23,"column":28},"end":{"line":29,"column":4}},"locations":[{"start":{"line":23,"column":28},"end":{"line":29,"column":4}}]},"2":{"type":"branch","line":25,"loc":{"start":{"line":25,"column":19},"end":{"line":28,"column":6}},"locations":[{"start":{"line":25,"column":19},"end":{"line":28,"column":6}}]},"3":{"type":"branch","line":31,"loc":{"start":{"line":31,"column":16},"end":{"line":58,"column":4}},"locations":[{"start":{"line":31,"column":16},"end":{"line":58,"column":4}}]},"4":{"type":"branch","line":41,"loc":{"start":{"line":41,"column":14},"end":{"line":46,"column":9}},"locations":[{"start":{"line":41,"column":14},"end":{"line":46,"column":9}}]},"5":{"type":"branch","line":42,"loc":{"start":{"line":42,"column":28},"end":{"line":45,"column":33}},"locations":[{"start":{"line":42,"column":28},"end":{"line":45,"column":33}}]},"6":{"type":"branch","line":42,"loc":{"start":{"line":42,"column":28},"end":{"line":44,"column":11}},"locations":[{"start":{"line":42,"column":28},"end":{"line":44,"column":11}}]},"7":{"type":"branch","line":47,"loc":{"start":{"line":47,"column":14},"end":{"line":54,"column":9}},"locations":[{"start":{"line":47,"column":14},"end":{"line":54,"column":9}}]},"8":{"type":"branch","line":55,"loc":{"start":{"line":55,"column":15},"end":{"line":57,"column":9}},"locations":[{"start":{"line":55,"column":15},"end":{"line":57,"column":9}}]}},"b":{"0":[23],"1":[14],"2":[14],"3":[7],"4":[7],"5":[6],"6":[1],"7":[6],"8":[1]},"fnMap":{"0":{"name":"Login","decl":{"start":{"line":18,"column":0},"end":{"line":145,"column":1}},"loc":{"start":{"line":18,"column":0},"end":{"line":145,"column":1}},"line":18},"1":{"name":"handleInputChange","decl":{"start":{"line":23,"column":28},"end":{"line":29,"column":4}},"loc":{"start":{"line":23,"column":28},"end":{"line":29,"column":4}},"line":23},"2":{"name":"login","decl":{"start":{"line":31,"column":16},"end":{"line":58,"column":4}},"loc":{"start":{"line":31,"column":16},"end":{"line":58,"column":4}},"line":31}},"f":{"0":23,"1":14,"2":7}}
,"C:\\Users\\benli\\Downloads\\186\\Assignment8\\frontend\\src\\utils.jsx": {"path":"C:\\Users\\benli\\Downloads\\186\\Assignment8\\frontend\\src\\utils.jsx","all":false,"statementMap":{"7":{"start":{"line":8,"column":0},"end":{"line":8,"column":33}},"8":{"start":{"line":9,"column":0},"end":{"line":9,"column":40}},"9":{"start":{"line":10,"column":0},"end":{"line":10,"column":65}},"10":{"start":{"line":11,"column":0},"end":{"line":11,"column":41}},"11":{"start":{"line":12,"column":0},"end":{"line":12,"column":18}},"12":{"start":{"line":13,"column":0},"end":{"line":13,"column":20}},"13":{"start":{"line":14,"column":0},"end":{"line":14,"column":76}},"14":{"start":{"line":15,"column":0},"end":{"line":15,"column":20}},"15":{"start":{"line":16,"column":0},"end":{"line":16,"column":4}},"16":{"start":{"line":17,"column":0},"end":{"line":17,"column":33}},"17":{"start":{"line":18,"column":0},"end":{"line":18,"column":1}},"26":{"start":{"line":27,"column":0},"end":{"line":27,"column":55}},"27":{"start":{"line":28,"column":0},"end":{"line":28,"column":46}},"29":{"start":{"line":30,"column":0},"end":{"line":30,"column":23}},"30":{"start":{"line":31,"column":0},"end":{"line":31,"column":15}},"31":{"start":{"line":32,"column":0},"end":{"line":32,"column":14}},"32":{"start":{"line":33,"column":0},"end":{"line":33,"column":25}},"33":{"start":{"line":34,"column":0},"end":{"line":34,"column":41}},"34":{"start":{"line":35,"column":0},"end":{"line":35,"column":6}},"35":{"start":{"line":36,"column":0},"end":{"line":36,"column":4}},"37":{"start":{"line":38,"column":0},"end":{"line":38,"column":32}},"38":{"start":{"line":39,"column":0},"end":{"line":39,"column":27}},"39":{"start":{"line":40,"column":0},"end":{"line":40,"column":24}},"40":{"start":{"line":41,"column":0},"end":{"line":41,"column":9}},"41":{"start":{"line":42,"column":0},"end":{"line":42,"column":1}}},"s":{"7":1,"8":6,"9":6,"10":6,"11":6,"12":6,"13":6,"14":6,"15":6,"16":6,"17":6,"26":1,"27":35,"29":35,"30":35,"31":35,"32":35,"33":35,"34":35,"35":35,"37":35,"38":35,"39":35,"40":35,"41":35},"branchMap":{"0":{"type":"branch","line":8,"loc":{"start":{"line":8,"column":7},"end":{"line":18,"column":1}},"locations":[{"start":{"line":8,"column":7},"end":{"line":18,"column":1}}]},"1":{"type":"branch","line":14,"loc":{"start":{"line":14,"column":15},"end":{"line":14,"column":75}},"locations":[{"start":{"line":14,"column":15},"end":{"line":14,"column":75}}]},"2":{"type":"branch","line":27,"loc":{"start":{"line":27,"column":7},"end":{"line":42,"column":1}},"locations":[{"start":{"line":27,"column":7},"end":{"line":42,"column":1}}]},"3":{"type":"branch","line":39,"loc":{"start":{"line":39,"column":12},"end":{"line":41,"column":7}},"locations":[{"start":{"line":39,"column":12},"end":{"line":41,"column":7}}]}},"b":{"0":[6],"1":[390],"2":[35],"3":[35]},"fnMap":{"0":{"name":"parseJwt","decl":{"start":{"line":8,"column":7},"end":{"line":18,"column":1}},"loc":{"start":{"line":8,"column":7},"end":{"line":18,"column":1}},"line":8},"1":{"name":"authenticatedFetch","decl":{"start":{"line":27,"column":7},"end":{"line":42,"column":1}},"loc":{"start":{"line":27,"column":7},"end":{"line":42,"column":1}},"line":27}},"f":{"0":6,"1":35}}
}
